"C:/Unreal Projects with Priority/GDAJam_Spring22/Content/Main_Game/GameLevel/gameEventsInterface.uasset" 0
"C:/Unreal Projects with Priority/GDAJam_Spring22/Content/Main_Game/GameLevel/gameEventsInterface.uexp" 1
"../../../Engine/Content/EditorBlueprintResources/StandardMacros.uasset" 2
"../../../Engine/Content/EditorBlueprintResources/StandardMacros.uexp" 3
"C:/Unreal Projects with Priority/GDAJam_Spring22/Content/Main_Game/GameLevel/UI_Elements/SetupWidget.uasset" 4
"C:/Unreal Projects with Priority/GDAJam_Spring22/Content/Main_Game/GameLevel/UI_Elements/SetupWidget.uexp" 5
"C:/Unreal Projects with Priority/GDAJam_Spring22/Content/TestLevels/Andrew_Testing/Banner/Banner_1_DefaultMaterial_OcclusionRoughnessMetallic.uasset" 6
"C:/Unreal Projects with Priority/GDAJam_Spring22/Content/TestLevels/Andrew_Testing/Banner/Banner_1_DefaultMaterial_OcclusionRoughnessMetallic.uexp" 7
"C:/Unreal Projects with Priority/GDAJam_Spring22/Content/TestLevels/Andrew_Testing/Banner/Banner_1_DefaultMaterial_OcclusionRoughnessMetallic.ubulk" 8
"C:/Unreal Projects with Priority/GDAJam_Spring22/Content/Main_Game/GameLevel/UI_Elements/powerupWidget.uasset" 9
"C:/Unreal Projects with Priority/GDAJam_Spring22/Content/Main_Game/GameLevel/UI_Elements/powerupWidget.uexp" 10
"C:/Unreal Projects with Priority/GDAJam_Spring22/Content/Main_Game/GameLevel/UI_Elements/UIAssets/Powerup_Assets/Afterburner_power.uasset" 11
"C:/Unreal Projects with Priority/GDAJam_Spring22/Content/Main_Game/GameLevel/UI_Elements/UIAssets/Powerup_Assets/Afterburner_power.uexp" 12
"C:/Unreal Projects with Priority/GDAJam_Spring22/Content/Main_Game/GameLevel/PowerUp.uasset" 13
"C:/Unreal Projects with Priority/GDAJam_Spring22/Content/Main_Game/GameLevel/PowerUp.uexp" 14
"C:/Unreal Projects with Priority/GDAJam_Spring22/Content/Main_Game/GameLevel/common_functions.uasset" 15
"C:/Unreal Projects with Priority/GDAJam_Spring22/Content/Main_Game/GameLevel/common_functions.uexp" 16
"C:/Unreal Projects with Priority/GDAJam_Spring22/Content/Main_Game/GameLevel/sounds/sfxFootstep.uasset" 17
"C:/Unreal Projects with Priority/GDAJam_Spring22/Content/Main_Game/GameLevel/sounds/sfxFootstep.uexp" 18
"C:/Unreal Projects with Priority/GDAJam_Spring22/Content/Main_Game/GameLevel/sounds/sfxGunshot.uasset" 19
"C:/Unreal Projects with Priority/GDAJam_Spring22/Content/Main_Game/GameLevel/sounds/sfxGunshot.uexp" 20
"C:/Unreal Projects with Priority/GDAJam_Spring22/Content/Main_Game/GameLevel/UI_Elements/UIAssets/Blue_bar.uasset" 21
"C:/Unreal Projects with Priority/GDAJam_Spring22/Content/Main_Game/GameLevel/UI_Elements/UIAssets/Blue_bar.uexp" 22
"C:/Unreal Projects with Priority/GDAJam_Spring22/Content/Main_Game/GameLevel/UI_Elements/UIAssets/Red_Bar.uasset" 23
"C:/Unreal Projects with Priority/GDAJam_Spring22/Content/Main_Game/GameLevel/UI_Elements/UIAssets/Red_Bar.uexp" 24
"C:/Unreal Projects with Priority/GDAJam_Spring22/Content/Main_Game/GameLevel/UI_Elements/UIAssets/curse_assets/Annihilation_curse.uasset" 25
"C:/Unreal Projects with Priority/GDAJam_Spring22/Content/Main_Game/GameLevel/UI_Elements/UIAssets/curse_assets/Annihilation_curse.uexp" 26
"C:/Unreal Projects with Priority/GDAJam_Spring22/Content/Main_Game/GameLevel/UI_Elements/UIAssets/curse_assets/Chaos_curse_1.uasset" 27
"C:/Unreal Projects with Priority/GDAJam_Spring22/Content/Main_Game/GameLevel/UI_Elements/UIAssets/curse_assets/Chaos_curse_1.uexp" 28
"C:/Unreal Projects with Priority/GDAJam_Spring22/Content/Main_Game/GameLevel/UI_Elements/UIAssets/curse_assets/Debilitation_Curse.uasset" 29
"C:/Unreal Projects with Priority/GDAJam_Spring22/Content/Main_Game/GameLevel/UI_Elements/UIAssets/curse_assets/Debilitation_Curse.uexp" 30
"C:/Unreal Projects with Priority/GDAJam_Spring22/Content/Main_Game/GameLevel/UI_Elements/UIAssets/curse_assets/Deception_curse.uasset" 31
"C:/Unreal Projects with Priority/GDAJam_Spring22/Content/Main_Game/GameLevel/UI_Elements/UIAssets/curse_assets/Deception_curse.uexp" 32
"C:/Unreal Projects with Priority/GDAJam_Spring22/Content/Main_Game/GameLevel/UI_Elements/UIAssets/curse_assets/Fatigue_curse.uasset" 33
"C:/Unreal Projects with Priority/GDAJam_Spring22/Content/Main_Game/GameLevel/UI_Elements/UIAssets/curse_assets/Fatigue_curse.uexp" 34
"C:/Unreal Projects with Priority/GDAJam_Spring22/Content/Main_Game/GameLevel/UI_Elements/UIAssets/curse_assets/Fragility_curse.uasset" 35
"C:/Unreal Projects with Priority/GDAJam_Spring22/Content/Main_Game/GameLevel/UI_Elements/UIAssets/curse_assets/Fragility_curse.uexp" 36
"C:/Unreal Projects with Priority/GDAJam_Spring22/Content/Main_Game/GameLevel/UI_Elements/UIAssets/curse_assets/Ice_curse.uasset" 37
"C:/Unreal Projects with Priority/GDAJam_Spring22/Content/Main_Game/GameLevel/UI_Elements/UIAssets/curse_assets/Ice_curse.uexp" 38
"C:/Unreal Projects with Priority/GDAJam_Spring22/Content/Main_Game/GameLevel/UI_Elements/UIAssets/curse_assets/Invalidity_curse.uasset" 39
"C:/Unreal Projects with Priority/GDAJam_Spring22/Content/Main_Game/GameLevel/UI_Elements/UIAssets/curse_assets/Invalidity_curse.uexp" 40
"C:/Unreal Projects with Priority/GDAJam_Spring22/Content/Main_Game/GameLevel/UI_Elements/UIAssets/curse_assets/Inversion_Curse.uasset" 41
"C:/Unreal Projects with Priority/GDAJam_Spring22/Content/Main_Game/GameLevel/UI_Elements/UIAssets/curse_assets/Inversion_Curse.uexp" 42
"C:/Unreal Projects with Priority/GDAJam_Spring22/Content/Main_Game/GameLevel/UI_Elements/UIAssets/curse_assets/Paralysis_curse.uasset" 43
"C:/Unreal Projects with Priority/GDAJam_Spring22/Content/Main_Game/GameLevel/UI_Elements/UIAssets/curse_assets/Paralysis_curse.uexp" 44
"C:/Unreal Projects with Priority/GDAJam_Spring22/Content/Main_Game/GameLevel/UI_Elements/UIAssets/curse_assets/Possession_curse.uasset" 45
"C:/Unreal Projects with Priority/GDAJam_Spring22/Content/Main_Game/GameLevel/UI_Elements/UIAssets/curse_assets/Possession_curse.uexp" 46
"C:/Unreal Projects with Priority/GDAJam_Spring22/Content/Main_Game/GameLevel/UI_Elements/UIAssets/curse_assets/Reduction_curse.uasset" 47
"C:/Unreal Projects with Priority/GDAJam_Spring22/Content/Main_Game/GameLevel/UI_Elements/UIAssets/curse_assets/Reduction_curse.uexp" 48
"C:/Unreal Projects with Priority/GDAJam_Spring22/Content/Main_Game/GameLevel/UI_Elements/UIAssets/curse_assets/Sloth_curse.uasset" 49
"C:/Unreal Projects with Priority/GDAJam_Spring22/Content/Main_Game/GameLevel/UI_Elements/UIAssets/curse_assets/Sloth_curse.uexp" 50
"C:/Unreal Projects with Priority/GDAJam_Spring22/Content/Main_Game/GameLevel/UI_Elements/UIAssets/curse_assets/Stalling_Curse.uasset" 51
"C:/Unreal Projects with Priority/GDAJam_Spring22/Content/Main_Game/GameLevel/UI_Elements/UIAssets/curse_assets/Stalling_Curse.uexp" 52
"C:/Unreal Projects with Priority/GDAJam_Spring22/Content/Main_Game/GameLevel/UI_Elements/UIAssets/Powerup_Assets/Resurrection_Power_2.uasset" 53
"C:/Unreal Projects with Priority/GDAJam_Spring22/Content/Main_Game/GameLevel/UI_Elements/UIAssets/Powerup_Assets/Resurrection_Power_2.uexp" 54
"C:/Unreal Projects with Priority/GDAJam_Spring22/Content/Main_Game/GameLevel/UI_Elements/UIAssets/Powerup_Assets/Retribution_power_1.uasset" 55
"C:/Unreal Projects with Priority/GDAJam_Spring22/Content/Main_Game/GameLevel/UI_Elements/UIAssets/Powerup_Assets/Retribution_power_1.uexp" 56
"C:/Unreal Projects with Priority/GDAJam_Spring22/Content/Main_Game/GameLevel/UI_Elements/UIAssets/Powerup_Assets/Time_slow_power.uasset" 57
"C:/Unreal Projects with Priority/GDAJam_Spring22/Content/Main_Game/GameLevel/UI_Elements/UIAssets/Powerup_Assets/Time_slow_power.uexp" 58
"C:/Unreal Projects with Priority/GDAJam_Spring22/Content/Main_Game/menuLevel/mainMenu/NewWidgetBlueprint.uasset" 59
"C:/Unreal Projects with Priority/GDAJam_Spring22/Content/Main_Game/menuLevel/mainMenu/NewWidgetBlueprint.uexp" 60
"C:/Unreal Projects with Priority/GDAJam_Spring22/Content/Main_Game/menuLevel/mmElements/buttonMaterial.uasset" 61
"C:/Unreal Projects with Priority/GDAJam_Spring22/Content/Main_Game/menuLevel/mmElements/buttonMaterial.uexp" 62
"C:/Unreal Projects with Priority/GDAJam_Spring22/Content/Main_Game/menuLevel/mmElements/NewMaterial.uasset" 63
"C:/Unreal Projects with Priority/GDAJam_Spring22/Content/Main_Game/menuLevel/mmElements/NewMaterial.uexp" 64
"C:/Unreal Projects with Priority/GDAJam_Spring22/Content/Main_Game/menuLevel/mmElements/Bigger_white_back.uasset" 65
"C:/Unreal Projects with Priority/GDAJam_Spring22/Content/Main_Game/menuLevel/mmElements/Bigger_white_back.uexp" 66
"C:/Unreal Projects with Priority/GDAJam_Spring22/Content/Splash/Splash.uasset" 67
"C:/Unreal Projects with Priority/GDAJam_Spring22/Content/Splash/Splash.uexp" 68
"C:/Unreal Projects with Priority/GDAJam_Spring22/Content/Main_Game/menuLevel/mainMenuLevel_BuiltData.uasset" 69
"C:/Unreal Projects with Priority/GDAJam_Spring22/Content/Main_Game/menuLevel/mainMenuLevel_BuiltData.uexp" 70
"../../../Engine/Content/Engine_MI_Shaders/T_Cubemap_01.uasset" 71
"../../../Engine/Content/Engine_MI_Shaders/T_Cubemap_01.uexp" 72
"C:/Unreal Projects with Priority/GDAJam_Spring22/Content/TestLevels/Andrew_Testing/CellShading/CellShaderMetallic.uasset" 73
"C:/Unreal Projects with Priority/GDAJam_Spring22/Content/TestLevels/Andrew_Testing/CellShading/CellShaderMetallic.uexp" 74
"C:/Unreal Projects with Priority/GDAJam_Spring22/Content/TestLevels/Andrew_Testing/CellShading/CellShaderMetallic_Inst.uasset" 75
"C:/Unreal Projects with Priority/GDAJam_Spring22/Content/TestLevels/Andrew_Testing/CellShading/CellShaderMetallic_Inst.uexp" 76
"C:/Unreal Projects with Priority/GDAJam_Spring22/Content/TestLevels/Andrew_Testing/CellShading/CellShaderPP.uasset" 77
"C:/Unreal Projects with Priority/GDAJam_Spring22/Content/TestLevels/Andrew_Testing/CellShading/CellShaderPP.uexp" 78
"C:/Unreal Projects with Priority/GDAJam_Spring22/Content/TestLevels/Andrew_Testing/CellShading/CellShaderPP_Inst.uasset" 79
"C:/Unreal Projects with Priority/GDAJam_Spring22/Content/TestLevels/Andrew_Testing/CellShading/CellShaderPP_Inst.uexp" 80
"C:/Unreal Projects with Priority/GDAJam_Spring22/Content/TestLevels/Andrew_Testing/CellShading/GroundMAt.uasset" 81
"C:/Unreal Projects with Priority/GDAJam_Spring22/Content/TestLevels/Andrew_Testing/CellShading/GroundMAt.uexp" 82
"C:/Unreal Projects with Priority/GDAJam_Spring22/Content/TestLevels/Andrew_Testing/CellShading/TestingMat.uasset" 83
"C:/Unreal Projects with Priority/GDAJam_Spring22/Content/TestLevels/Andrew_Testing/CellShading/TestingMat.uexp" 84
"C:/Unreal Projects with Priority/GDAJam_Spring22/Content/TestLevels/Andrew_Testing/Arena/Carpet/Carpet_metallic.uasset" 85
"C:/Unreal Projects with Priority/GDAJam_Spring22/Content/TestLevels/Andrew_Testing/Arena/Carpet/Carpet_metallic.uexp" 86
"C:/Unreal Projects with Priority/GDAJam_Spring22/Content/TestLevels/Andrew_Testing/Arena/Carpet/Carpet_metallic.ubulk" 87
"C:/Unreal Projects with Priority/GDAJam_Spring22/Content/TestLevels/Andrew_Testing/Arena/Ground/StoneGround_metallic.uasset" 88
"C:/Unreal Projects with Priority/GDAJam_Spring22/Content/TestLevels/Andrew_Testing/Arena/Ground/StoneGround_metallic.uexp" 89
"C:/Unreal Projects with Priority/GDAJam_Spring22/Content/TestLevels/Andrew_Testing/Arena/Ground/StoneGround_metallic.ubulk" 90
"C:/Unreal Projects with Priority/GDAJam_Spring22/Content/TestLevels/Andrew_Testing/Arena/Ground/StoneGround_roughness.uasset" 91
"C:/Unreal Projects with Priority/GDAJam_Spring22/Content/TestLevels/Andrew_Testing/Arena/Ground/StoneGround_roughness.uexp" 92
"C:/Unreal Projects with Priority/GDAJam_Spring22/Content/TestLevels/Andrew_Testing/Arena/Ground/StoneGround_roughness.ubulk" 93
"../../../Engine/Content/EngineMaterials/T_Default_Material_Grid_N.uasset" 94
"../../../Engine/Content/EngineMaterials/T_Default_Material_Grid_N.uexp" 95
"../../../Engine/Content/EngineMaterials/T_Default_Material_Grid_N.ubulk" 96
"../../../Engine/Content/EngineMaterials/T_Default_Material_Grid_M.uasset" 97
"../../../Engine/Content/EngineMaterials/T_Default_Material_Grid_M.uexp" 98
"../../../Engine/Content/EngineMaterials/T_Default_Material_Grid_M.ubulk" 99
"../../../Engine/Content/Functions/Engine_MaterialFunctions01/Opacity/CameraDepthFade.uasset" 100
"../../../Engine/Content/Functions/Engine_MaterialFunctions01/Opacity/CameraDepthFade.uexp" 101
"../../../Engine/Content/EngineMaterials/DefaultMaterial.uasset" 102
"../../../Engine/Content/EngineMaterials/DefaultMaterial.uexp" 103
"../../../Engine/Content/BasicShapes/Cone.uasset" 104
"../../../Engine/Content/BasicShapes/Cone.uexp" 105
"../../../Engine/Content/BasicShapes/Sphere.uasset" 106
"../../../Engine/Content/BasicShapes/Sphere.uexp" 107
"C:/Unreal Projects with Priority/GDAJam_Spring22/Content/TestLevels/Andrew_Testing/Arena/Ground/StoneGround_normal.uasset" 108
"C:/Unreal Projects with Priority/GDAJam_Spring22/Content/TestLevels/Andrew_Testing/Arena/Ground/StoneGround_normal.uexp" 109
"C:/Unreal Projects with Priority/GDAJam_Spring22/Content/TestLevels/Andrew_Testing/Arena/Ground/StoneGround_normal.ubulk" 110
"C:/Unreal Projects with Priority/GDAJam_Spring22/Content/Main_Game/GameLevel/UI_Elements/UIAssets/Powerup_Assets/Homing_bullet_power.uasset" 111
"C:/Unreal Projects with Priority/GDAJam_Spring22/Content/Main_Game/GameLevel/UI_Elements/UIAssets/Powerup_Assets/Homing_bullet_power.uexp" 112
"C:/Unreal Projects with Priority/GDAJam_Spring22/Content/Main_Game/GameLevel/UI_Elements/UIAssets/Powerup_Assets/Gung-ho_power.uasset" 113
"C:/Unreal Projects with Priority/GDAJam_Spring22/Content/Main_Game/GameLevel/UI_Elements/UIAssets/Powerup_Assets/Gung-ho_power.uexp" 114
"C:/Unreal Projects with Priority/GDAJam_Spring22/Content/Main_Game/GameLevel/UI_Elements/UIAssets/Powerup_Assets/Explosion_Power.uasset" 115
"C:/Unreal Projects with Priority/GDAJam_Spring22/Content/Main_Game/GameLevel/UI_Elements/UIAssets/Powerup_Assets/Explosion_Power.uexp" 116
"C:/Unreal Projects with Priority/GDAJam_Spring22/Content/Main_Game/GameLevel/UI_Elements/UIAssets/Powerup_Assets/Engineer_power.uasset" 117
"C:/Unreal Projects with Priority/GDAJam_Spring22/Content/Main_Game/GameLevel/UI_Elements/UIAssets/Powerup_Assets/Engineer_power.uexp" 118
"C:/Unreal Projects with Priority/GDAJam_Spring22/Content/Main_Game/GameLevel/UI_Elements/UIAssets/Powerup_Assets/Double_shot_power.uasset" 119
"C:/Unreal Projects with Priority/GDAJam_Spring22/Content/Main_Game/GameLevel/UI_Elements/UIAssets/Powerup_Assets/Double_shot_power.uexp" 120
"C:/Unreal Projects with Priority/GDAJam_Spring22/Content/Main_Game/GameLevel/UI_Elements/UIAssets/Powerup_Assets/Deflection_power.uasset" 121
"C:/Unreal Projects with Priority/GDAJam_Spring22/Content/Main_Game/GameLevel/UI_Elements/UIAssets/Powerup_Assets/Deflection_power.uexp" 122
"C:/Unreal Projects with Priority/GDAJam_Spring22/Content/Main_Game/GameLevel/UI_Elements/UIAssets/Powerup_Assets/Bullet_speed_power.uasset" 123
"C:/Unreal Projects with Priority/GDAJam_Spring22/Content/Main_Game/GameLevel/UI_Elements/UIAssets/Powerup_Assets/Bullet_speed_power.uexp" 124
"C:/Unreal Projects with Priority/GDAJam_Spring22/Content/Main_Game/GameLevel/UI_Elements/UIAssets/Powerup_Assets/Bullet_bounce_power_1.uasset" 125
"C:/Unreal Projects with Priority/GDAJam_Spring22/Content/Main_Game/GameLevel/UI_Elements/UIAssets/Powerup_Assets/Bullet_bounce_power_1.uexp" 126
"C:/Unreal Projects with Priority/GDAJam_Spring22/Content/Main_Game/GameLevel/playerState.uasset" 127
"C:/Unreal Projects with Priority/GDAJam_Spring22/Content/Main_Game/GameLevel/playerState.uexp" 128
"C:/Unreal Projects with Priority/GDAJam_Spring22/Content/Main_Game/ruoyGameInstance.uasset" 129
"C:/Unreal Projects with Priority/GDAJam_Spring22/Content/Main_Game/ruoyGameInstance.uexp" 130
"../../../Engine/Plugins/FX/Niagara/Content/Modules/Update/Color/Color.uasset" 131
"../../../Engine/Plugins/FX/Niagara/Content/Modules/Update/Color/Color.uexp" 132
"../../../Engine/Plugins/FX/Niagara/Content/Enums/ENiagaraSystemInactiveMode.uasset" 133
"../../../Engine/Plugins/FX/Niagara/Content/Enums/ENiagaraSystemInactiveMode.uexp" 134
"../../../Engine/Plugins/FX/Niagara/Content/Enums/ENiagara_EmitterStateOptions.uasset" 135
"../../../Engine/Plugins/FX/Niagara/Content/Enums/ENiagara_EmitterStateOptions.uexp" 136
"../../../Engine/Plugins/FX/Niagara/Content/Functions/System/SystemChangeState.uasset" 137
"../../../Engine/Plugins/FX/Niagara/Content/Functions/System/SystemChangeState.uexp" 138
"../../../Engine/Plugins/FX/Niagara/Content/Modules/System/SystemState.uasset" 139
"../../../Engine/Plugins/FX/Niagara/Content/Modules/System/SystemState.uexp" 140
"../../../Engine/Plugins/FX/Niagara/Content/Enums/ENiagaraRandomnessMode.uasset" 141
"../../../Engine/Plugins/FX/Niagara/Content/Enums/ENiagaraRandomnessMode.uexp" 142
"../../../Engine/Plugins/FX/Niagara/Content/Functions/GetRandomInfo.uasset" 143
"../../../Engine/Plugins/FX/Niagara/Content/Functions/GetRandomInfo.uexp" 144
"../../../Engine/Plugins/FX/Niagara/Content/Functions/RandomRangeFloat.uasset" 145
"../../../Engine/Plugins/FX/Niagara/Content/Functions/RandomRangeFloat.uexp" 146
"../../../Engine/Plugins/FX/Niagara/Content/Modules/Emitter/SpawnRate.uasset" 147
"../../../Engine/Plugins/FX/Niagara/Content/Modules/Emitter/SpawnRate.uexp" 148
"../../../Engine/Plugins/FX/Niagara/Content/DynamicInputs/ValueFromCurve/ColorFromCurve.uasset" 149
"../../../Engine/Plugins/FX/Niagara/Content/DynamicInputs/ValueFromCurve/ColorFromCurve.uexp" 150
"../../../Engine/Plugins/FX/Niagara/Content/VectorFields/Assets/TilingCurl32.uasset" 151
"../../../Engine/Plugins/FX/Niagara/Content/VectorFields/Assets/TilingCurl32.uexp" 152
"../../../Engine/Plugins/FX/Niagara/Content/Enums/Ribbons/ENiagara_UnsetDirectSetRandom.uasset" 153
"../../../Engine/Plugins/FX/Niagara/Content/Enums/Ribbons/ENiagara_UnsetDirectSetRandom.uexp" 154
"../../../Engine/Plugins/FX/Niagara/Content/Enums/ENiagaraInactiveMode.uasset" 155
"../../../Engine/Plugins/FX/Niagara/Content/Enums/ENiagaraInactiveMode.uexp" 156
"../../../Engine/Plugins/FX/Niagara/Content/Enums/ENiagaraEmitterScalabilityMode_Limited.uasset" 157
"../../../Engine/Plugins/FX/Niagara/Content/Enums/ENiagaraEmitterScalabilityMode_Limited.uexp" 158
"../../../Engine/Plugins/FX/Niagara/Content/Enums/ENiagaraEmitterLifeCycleMode.uasset" 159
"../../../Engine/Plugins/FX/Niagara/Content/Enums/ENiagaraEmitterLifeCycleMode.uexp" 160
"../../../Engine/Plugins/FX/Niagara/Content/Enums/ENiagaraCurlNoiseQuality.uasset" 161
"../../../Engine/Plugins/FX/Niagara/Content/Enums/ENiagaraCurlNoiseQuality.uexp" 162
"../../../Engine/Plugins/FX/Niagara/Content/Enums/ENiagaraChannelCorrelation.uasset" 163
"../../../Engine/Plugins/FX/Niagara/Content/Enums/ENiagaraChannelCorrelation.uexp" 164
"../../../Engine/Plugins/FX/Niagara/Content/Enums/ENiagara_UVFlippingMode.uasset" 165
"../../../Engine/Plugins/FX/Niagara/Content/Enums/ENiagara_UVFlippingMode.uexp" 166
"../../../Engine/Plugins/FX/Niagara/Content/Enums/ENiagara_SpriteRotationMode.uasset" 167
"../../../Engine/Plugins/FX/Niagara/Content/Enums/ENiagara_SpriteRotationMode.uexp" 168
"../../../Engine/Plugins/FX/Niagara/Content/Enums/ENiagara_SizeScaleMode.uasset" 169
"../../../Engine/Plugins/FX/Niagara/Content/Enums/ENiagara_SizeScaleMode.uexp" 170
"../../../Engine/Plugins/FX/Niagara/Content/Enums/ENiagara_PositionInitializationMode.uasset" 171
"../../../Engine/Plugins/FX/Niagara/Content/Enums/ENiagara_PositionInitializationMode.uexp" 172
"../../../Engine/Plugins/FX/Niagara/Content/Enums/ENiagara_MassInitializationMode.uasset" 173
"../../../Engine/Plugins/FX/Niagara/Content/Enums/ENiagara_MassInitializationMode.uexp" 174
"../../../Engine/Plugins/FX/Niagara/Content/Enums/ENiagara_LifetimeMode.uasset" 175
"../../../Engine/Plugins/FX/Niagara/Content/Enums/ENiagara_LifetimeMode.uexp" 176
"../../../Engine/Plugins/FX/Niagara/Content/Enums/ENiagara_InfiniteLoopDuration.uasset" 177
"../../../Engine/Plugins/FX/Niagara/Content/Enums/ENiagara_InfiniteLoopDuration.uexp" 178
"../../../Engine/Plugins/FX/Niagara/Content/Enums/ENiagara_ColorInitializationMode.uasset" 179
"../../../Engine/Plugins/FX/Niagara/Content/Enums/ENiagara_ColorInitializationMode.uexp" 180
"../../../Engine/Plugins/FX/Niagara/Content/Modules/Update/Lifetime/ParticleState.uasset" 181
"../../../Engine/Plugins/FX/Niagara/Content/Modules/Update/Lifetime/ParticleState.uexp" 182
"../../../Engine/Plugins/FX/Niagara/Content/VectorFields/Assets/TilingCurl64.uasset" 183
"../../../Engine/Plugins/FX/Niagara/Content/VectorFields/Assets/TilingCurl64.uexp" 184
"../../../Engine/Plugins/FX/Niagara/Content/VectorFields/Assets/TilingCurl16.uasset" 185
"../../../Engine/Plugins/FX/Niagara/Content/VectorFields/Assets/TilingCurl16.uexp" 186
"../../../Engine/Plugins/FX/Niagara/Content/Functions/FindAngleBetweenVectors.uasset" 187
"../../../Engine/Plugins/FX/Niagara/Content/Functions/FindAngleBetweenVectors.uexp" 188
"../../../Engine/Plugins/FX/Niagara/Content/Functions/DirectionAndLengthSafe.uasset" 189
"../../../Engine/Plugins/FX/Niagara/Content/Functions/DirectionAndLengthSafe.uexp" 190
"../../../Engine/Plugins/FX/Niagara/Content/Functions/V2/RemapRange.uasset" 191
"../../../Engine/Plugins/FX/Niagara/Content/Functions/V2/RemapRange.uexp" 192
"../../../Engine/Plugins/FX/Niagara/Content/Functions/V2/ConeMask.uasset" 193
"../../../Engine/Plugins/FX/Niagara/Content/Functions/V2/ConeMask.uexp" 194
"../../../Engine/Plugins/FX/Niagara/Content/Functions/Localspace/TransformBase.uasset" 195
"../../../Engine/Plugins/FX/Niagara/Content/Functions/Localspace/TransformBase.uexp" 196
"../../../Engine/Plugins/FX/Niagara/Content/Functions/Localspace/TransformVector.uasset" 197
"../../../Engine/Plugins/FX/Niagara/Content/Functions/Localspace/TransformVector.uexp" 198
"../../../Engine/Plugins/FX/Niagara/Content/Functions/Localspace/TransformPosition.uasset" 199
"../../../Engine/Plugins/FX/Niagara/Content/Functions/Localspace/TransformPosition.uexp" 200
"../../../Engine/Plugins/FX/Niagara/Content/Functions/Localspace/SimulationPosition.uasset" 201
"../../../Engine/Plugins/FX/Niagara/Content/Functions/Localspace/SimulationPosition.uexp" 202
"../../../Engine/Plugins/FX/Niagara/Content/Modules/Update/Forces/V2/CurlNoiseForce.uasset" 203
"../../../Engine/Plugins/FX/Niagara/Content/Modules/Update/Forces/V2/CurlNoiseForce.uexp" 204
"../../../Engine/Plugins/FX/Niagara/Content/Enums/ENiagaraExpansionMode.uasset" 205
"../../../Engine/Plugins/FX/Niagara/Content/Enums/ENiagaraExpansionMode.uexp" 206
"../../../Engine/Plugins/FX/Niagara/Content/Functions/RandomPointInBox.uasset" 207
"../../../Engine/Plugins/FX/Niagara/Content/Functions/RandomPointInBox.uexp" 208
"../../../Engine/Plugins/FX/Niagara/Content/Functions/IsolateLongestVectorComponent.uasset" 209
"../../../Engine/Plugins/FX/Niagara/Content/Functions/IsolateLongestVectorComponent.uexp" 210
"../../../Engine/Plugins/FX/Niagara/Content/Functions/Rotation/RotateAngleOnAxis.uasset" 211
"../../../Engine/Plugins/FX/Niagara/Content/Functions/Rotation/RotateAngleOnAxis.uexp" 212
"../../../Engine/Plugins/FX/Niagara/Content/Modules/Spawn/Location/BoxLocation.uasset" 213
"../../../Engine/Plugins/FX/Niagara/Content/Modules/Spawn/Location/BoxLocation.uexp" 214
"../../../Engine/Plugins/FX/Niagara/Content/Enums/ENiagaraRandomnessEvaluation.uasset" 215
"../../../Engine/Plugins/FX/Niagara/Content/Enums/ENiagaraRandomnessEvaluation.uexp" 216
"../../../Engine/Plugins/FX/Niagara/Content/Functions/V2/CalculateRandomRangeInteger.uasset" 217
"../../../Engine/Plugins/FX/Niagara/Content/Functions/V2/CalculateRandomRangeInteger.uexp" 218
"../../../Engine/Plugins/FX/Niagara/Content/Functions/V2/CalculateRandomBool.uasset" 219
"../../../Engine/Plugins/FX/Niagara/Content/Functions/V2/CalculateRandomBool.uexp" 220
"../../../Engine/Plugins/FX/Niagara/Content/Functions/LinearColor/HueShiftLinearColor.uasset" 221
"../../../Engine/Plugins/FX/Niagara/Content/Functions/LinearColor/HueShiftLinearColor.uexp" 222
"../../../Engine/Plugins/FX/Niagara/Content/Functions/V2/CalculateRandomRangeFloat.uasset" 223
"../../../Engine/Plugins/FX/Niagara/Content/Functions/V2/CalculateRandomRangeFloat.uexp" 224
"../../../Engine/Plugins/FX/Niagara/Content/Functions/V2/CalculateRandomRange.uasset" 225
"../../../Engine/Plugins/FX/Niagara/Content/Functions/V2/CalculateRandomRange.uexp" 226
"../../../Engine/Plugins/FX/Niagara/Content/Modules/Spawn/Initialization/V2/InitializeParticle.uasset" 227
"../../../Engine/Plugins/FX/Niagara/Content/Modules/Spawn/Initialization/V2/InitializeParticle.uexp" 228
"../../../Engine/Plugins/FX/Niagara/Content/Modules/Solvers/SolveForcesAndVelocity.uasset" 229
"../../../Engine/Plugins/FX/Niagara/Content/Modules/Solvers/SolveForcesAndVelocity.uexp" 230
"../../../Engine/Plugins/FX/Niagara/Content/Modules/Emitter/SpawnBurst_Instantaneous.uasset" 231
"../../../Engine/Plugins/FX/Niagara/Content/Modules/Emitter/SpawnBurst_Instantaneous.uexp" 232
"../../../Engine/Plugins/FX/Niagara/Content/Functions/Emitter/EmitterChangeState.uasset" 233
"../../../Engine/Plugins/FX/Niagara/Content/Functions/Emitter/EmitterChangeState.uexp" 234
"../../../Engine/Plugins/FX/Niagara/Content/Enums/ENiagaraExecutionStateManagement.uasset" 235
"../../../Engine/Plugins/FX/Niagara/Content/Enums/ENiagaraExecutionStateManagement.uexp" 236
"../../../Engine/Plugins/FX/Niagara/Content/Modules/Emitter/EmitterState.uasset" 237
"../../../Engine/Plugins/FX/Niagara/Content/Modules/Emitter/EmitterState.uexp" 238
"../../../Engine/Plugins/FX/Niagara/Content/DefaultAssets/DefaultSpriteMaterial.uasset" 239
"../../../Engine/Plugins/FX/Niagara/Content/DefaultAssets/DefaultSpriteMaterial.uexp" 240
"C:/Unreal Projects with Priority/GDAJam_Spring22/Content/TestLevels/Andrew_Testing/Player/PlayerTrailNS.uasset" 241
"C:/Unreal Projects with Priority/GDAJam_Spring22/Content/TestLevels/Andrew_Testing/Player/PlayerTrailNS.uexp" 242
"C:/Unreal Projects with Priority/GDAJam_Spring22/Content/Main_Game/GameLevel/UI_Elements/HealthInterface.uasset" 243
"C:/Unreal Projects with Priority/GDAJam_Spring22/Content/Main_Game/GameLevel/UI_Elements/HealthInterface.uexp" 244
"../../../Engine/Content/BasicShapes/BasicShapeMaterial.uasset" 245
"../../../Engine/Content/BasicShapes/BasicShapeMaterial.uexp" 246
"C:/Unreal Projects with Priority/GDAJam_Spring22/Content/Main_Game/GameLevel/takeDamage.uasset" 247
"C:/Unreal Projects with Priority/GDAJam_Spring22/Content/Main_Game/GameLevel/takeDamage.uexp" 248
"C:/Unreal Projects with Priority/GDAJam_Spring22/Content/Main_Game/GameLevel/you.uasset" 249
"C:/Unreal Projects with Priority/GDAJam_Spring22/Content/Main_Game/GameLevel/you.uexp" 250
"C:/Unreal Projects with Priority/GDAJam_Spring22/Content/Main_Game/GameLevel/bulletMacro.uasset" 251
"C:/Unreal Projects with Priority/GDAJam_Spring22/Content/Main_Game/GameLevel/bulletMacro.uexp" 252
"C:/Unreal Projects with Priority/GDAJam_Spring22/Content/Main_Game/GameLevel/uoy.uasset" 253
"C:/Unreal Projects with Priority/GDAJam_Spring22/Content/Main_Game/GameLevel/uoy.uexp" 254
"C:/Unreal Projects with Priority/GDAJam_Spring22/Content/Main_Game/GameLevel/Bullet.uasset" 255
"C:/Unreal Projects with Priority/GDAJam_Spring22/Content/Main_Game/GameLevel/Bullet.uexp" 256
"C:/Unreal Projects with Priority/GDAJam_Spring22/Content/TestLevels/Andrew_Testing/CrossHair/CrossHair.uasset" 257
"C:/Unreal Projects with Priority/GDAJam_Spring22/Content/TestLevels/Andrew_Testing/CrossHair/CrossHair.uexp" 258
"C:/Unreal Projects with Priority/GDAJam_Spring22/Content/TestLevels/Andrew_Testing/CrossHair/CrossHair.ubulk" 259
"C:/Unreal Projects with Priority/GDAJam_Spring22/Content/TestLevels/Andrew_Testing/CrossHair/CrossHairWidget.uasset" 260
"C:/Unreal Projects with Priority/GDAJam_Spring22/Content/TestLevels/Andrew_Testing/CrossHair/CrossHairWidget.uexp" 261
"C:/Unreal Projects with Priority/GDAJam_Spring22/Content/TestLevels/Andrew_Testing/WallTexture/Cobblestone_metallic.uasset" 262
"C:/Unreal Projects with Priority/GDAJam_Spring22/Content/TestLevels/Andrew_Testing/WallTexture/Cobblestone_metallic.uexp" 263
"C:/Unreal Projects with Priority/GDAJam_Spring22/Content/TestLevels/Andrew_Testing/WallTexture/Cobblestone_metallic.ubulk" 264
"C:/Unreal Projects with Priority/GDAJam_Spring22/Content/TestLevels/Andrew_Testing/WallTexture/Cobblestone_roughness.uasset" 265
"C:/Unreal Projects with Priority/GDAJam_Spring22/Content/TestLevels/Andrew_Testing/WallTexture/Cobblestone_roughness.uexp" 266
"C:/Unreal Projects with Priority/GDAJam_Spring22/Content/TestLevels/Andrew_Testing/WallTexture/Cobblestone_roughness.ubulk" 267
"C:/Unreal Projects with Priority/GDAJam_Spring22/Content/Main_Game/GameLevel/Curse.uasset" 268
"C:/Unreal Projects with Priority/GDAJam_Spring22/Content/Main_Game/GameLevel/Curse.uexp" 269
"C:/Unreal Projects with Priority/GDAJam_Spring22/Content/Main_Game/GameLevel/CurseDataTable.uasset" 270
"C:/Unreal Projects with Priority/GDAJam_Spring22/Content/Main_Game/GameLevel/CurseDataTable.uexp" 271
"C:/Unreal Projects with Priority/GDAJam_Spring22/Content/Main_Game/GameLevel/UI_Elements/UIAssets/Round_Counter.uasset" 272
"C:/Unreal Projects with Priority/GDAJam_Spring22/Content/Main_Game/GameLevel/UI_Elements/UIAssets/Round_Counter.uexp" 273
"C:/Unreal Projects with Priority/GDAJam_Spring22/Content/Main_Game/GameLevel/UI_Elements/UIAssets/Player_Icon.uasset" 274
"C:/Unreal Projects with Priority/GDAJam_Spring22/Content/Main_Game/GameLevel/UI_Elements/UIAssets/Player_Icon.uexp" 275
"C:/Unreal Projects with Priority/GDAJam_Spring22/Content/Main_Game/GameLevel/UI_Elements/UIAssets/ouY_Icon.uasset" 276
"C:/Unreal Projects with Priority/GDAJam_Spring22/Content/Main_Game/GameLevel/UI_Elements/UIAssets/ouY_Icon.uexp" 277
"C:/Unreal Projects with Priority/GDAJam_Spring22/Content/Main_Game/GameLevel/UI_Elements/UIAssets/HealthBar.uasset" 278
"C:/Unreal Projects with Priority/GDAJam_Spring22/Content/Main_Game/GameLevel/UI_Elements/UIAssets/HealthBar.uexp" 279
"C:/Unreal Projects with Priority/GDAJam_Spring22/Content/Main_Game/GameLevel/UI_Elements/RightInventoryWidget.uasset" 280
"C:/Unreal Projects with Priority/GDAJam_Spring22/Content/Main_Game/GameLevel/UI_Elements/RightInventoryWidget.uexp" 281
"C:/Unreal Projects with Priority/GDAJam_Spring22/Content/Main_Game/GameLevel/UI_Elements/UIAssets/HealthBarMask.uasset" 282
"C:/Unreal Projects with Priority/GDAJam_Spring22/Content/Main_Game/GameLevel/UI_Elements/UIAssets/HealthBarMask.uexp" 283
"C:/Unreal Projects with Priority/GDAJam_Spring22/Content/Main_Game/GameLevel/UI_Elements/UIAssets/StackedHealthBar.uasset" 284
"C:/Unreal Projects with Priority/GDAJam_Spring22/Content/Main_Game/GameLevel/UI_Elements/UIAssets/StackedHealthBar.uexp" 285
"C:/Unreal Projects with Priority/GDAJam_Spring22/Content/Main_Game/GameLevel/UI_Elements/UIAssets/MI_PlayerHealth.uasset" 286
"C:/Unreal Projects with Priority/GDAJam_Spring22/Content/Main_Game/GameLevel/UI_Elements/UIAssets/MI_PlayerHealth.uexp" 287
"C:/Unreal Projects with Priority/GDAJam_Spring22/Content/Main_Game/GameLevel/UI_Elements/StackedProgressBarWidget.uasset" 288
"C:/Unreal Projects with Priority/GDAJam_Spring22/Content/Main_Game/GameLevel/UI_Elements/StackedProgressBarWidget.uexp" 289
"C:/Unreal Projects with Priority/GDAJam_Spring22/Content/Main_Game/GameLevel/UI_Elements/PlayerHealthWidget.uasset" 290
"C:/Unreal Projects with Priority/GDAJam_Spring22/Content/Main_Game/GameLevel/UI_Elements/PlayerHealthWidget.uexp" 291
"C:/Unreal Projects with Priority/GDAJam_Spring22/Content/Main_Game/GameLevel/UI_Elements/LeftInventoryWidget.uasset" 292
"C:/Unreal Projects with Priority/GDAJam_Spring22/Content/Main_Game/GameLevel/UI_Elements/LeftInventoryWidget.uexp" 293
"C:/Unreal Projects with Priority/GDAJam_Spring22/Content/Main_Game/GameLevel/UI_Elements/UIAssets/MI_EnemyHealth.uasset" 294
"C:/Unreal Projects with Priority/GDAJam_Spring22/Content/Main_Game/GameLevel/UI_Elements/UIAssets/MI_EnemyHealth.uexp" 295
"C:/Unreal Projects with Priority/GDAJam_Spring22/Content/Main_Game/GameLevel/UI_Elements/EnemyHealthWidget.uasset" 296
"C:/Unreal Projects with Priority/GDAJam_Spring22/Content/Main_Game/GameLevel/UI_Elements/EnemyHealthWidget.uexp" 297
"C:/Unreal Projects with Priority/GDAJam_Spring22/Content/Main_Game/menuLevel/mmElements/EternalUiRegular-1Gap2.uasset" 298
"C:/Unreal Projects with Priority/GDAJam_Spring22/Content/Main_Game/menuLevel/mmElements/EternalUiRegular-1Gap2.uexp" 299
"C:/Unreal Projects with Priority/GDAJam_Spring22/Content/Main_Game/menuLevel/mmElements/EternalUiRegular-1Gap2.ufont" 300
"C:/Unreal Projects with Priority/GDAJam_Spring22/Content/Main_Game/menuLevel/mmElements/EternalUiRegular-1Gap2_Font.uasset" 301
"C:/Unreal Projects with Priority/GDAJam_Spring22/Content/Main_Game/menuLevel/mmElements/EternalUiRegular-1Gap2_Font.uexp" 302
"C:/Unreal Projects with Priority/GDAJam_Spring22/Content/Main_Game/GameLevel/UI_Elements/GameplayLeftUI.uasset" 303
"C:/Unreal Projects with Priority/GDAJam_Spring22/Content/Main_Game/GameLevel/UI_Elements/GameplayLeftUI.uexp" 304
"C:/Unreal Projects with Priority/GDAJam_Spring22/Content/Main_Game/GameLevel/UI_Elements/UIAssets/Powerup_Assets/triple_shot_power.uasset" 305
"C:/Unreal Projects with Priority/GDAJam_Spring22/Content/Main_Game/GameLevel/UI_Elements/UIAssets/Powerup_Assets/triple_shot_power.uexp" 306
"C:/Unreal Projects with Priority/GDAJam_Spring22/Content/Main_Game/GameLevel/UI_Elements/UIAssets/Powerup_Assets/Pinata_power.uasset" 307
"C:/Unreal Projects with Priority/GDAJam_Spring22/Content/Main_Game/GameLevel/UI_Elements/UIAssets/Powerup_Assets/Pinata_power.uexp" 308
"C:/Unreal Projects with Priority/GDAJam_Spring22/Content/Main_Game/GameLevel/UI_Elements/UIAssets/Powerup_Assets/Mega_Bullet.uasset" 309
"C:/Unreal Projects with Priority/GDAJam_Spring22/Content/Main_Game/GameLevel/UI_Elements/UIAssets/Powerup_Assets/Mega_Bullet.uexp" 310
"../../../Engine/Content/EngineMaterials/WorldGridMaterial.uasset" 311
"../../../Engine/Content/EngineMaterials/WorldGridMaterial.uexp" 312
"../../../Engine/Content/BasicShapes/Cube.uasset" 313
"../../../Engine/Content/BasicShapes/Cube.uexp" 314
"C:/Unreal Projects with Priority/GDAJam_Spring22/Content/Main_Game/GameLevel/PowerUpDataTable.uasset" 315
"C:/Unreal Projects with Priority/GDAJam_Spring22/Content/Main_Game/GameLevel/PowerUpDataTable.uexp" 316
"C:/Unreal Projects with Priority/GDAJam_Spring22/Content/Main_Game/menuLevel/mmElements/YvY_Logo_Textured.uasset" 317
"C:/Unreal Projects with Priority/GDAJam_Spring22/Content/Main_Game/menuLevel/mmElements/YvY_Logo_Textured.uexp" 318
"C:/Unreal Projects with Priority/GDAJam_Spring22/Content/Main_Game/menuLevel/mmElements/SFX/UI-Forward-Click.uasset" 319
"C:/Unreal Projects with Priority/GDAJam_Spring22/Content/Main_Game/menuLevel/mmElements/SFX/UI-Forward-Click.uexp" 320
"C:/Unreal Projects with Priority/GDAJam_Spring22/Content/Main_Game/menuLevel/mmElements/red_s-glow.uasset" 321
"C:/Unreal Projects with Priority/GDAJam_Spring22/Content/Main_Game/menuLevel/mmElements/red_s-glow.uexp" 322
"C:/Unreal Projects with Priority/GDAJam_Spring22/Content/Main_Game/menuLevel/mmElements/red_glow.uasset" 323
"C:/Unreal Projects with Priority/GDAJam_Spring22/Content/Main_Game/menuLevel/mmElements/red_glow.uexp" 324
"C:/Unreal Projects with Priority/GDAJam_Spring22/Content/Main_Game/menuLevel/mmElements/fullstack-icon.uasset" 325
"C:/Unreal Projects with Priority/GDAJam_Spring22/Content/Main_Game/menuLevel/mmElements/fullstack-icon.uexp" 326
"C:/Unreal Projects with Priority/GDAJam_Spring22/Content/Main_Game/menuLevel/mmElements/blue_s-glow.uasset" 327
"C:/Unreal Projects with Priority/GDAJam_Spring22/Content/Main_Game/menuLevel/mmElements/blue_s-glow.uexp" 328
"C:/Unreal Projects with Priority/GDAJam_Spring22/Content/Main_Game/menuLevel/mmElements/blue_glow.uasset" 329
"C:/Unreal Projects with Priority/GDAJam_Spring22/Content/Main_Game/menuLevel/mmElements/blue_glow.uexp" 330
"C:/Unreal Projects with Priority/GDAJam_Spring22/Content/Main_Game/menuLevel/mmElements/SFX/UI_Backward_Click.uasset" 331
"C:/Unreal Projects with Priority/GDAJam_Spring22/Content/Main_Game/menuLevel/mmElements/SFX/UI_Backward_Click.uexp" 332
"C:/Unreal Projects with Priority/GDAJam_Spring22/Content/Main_Game/menuLevel/mmElements/Abel-Regular.uasset" 333
"C:/Unreal Projects with Priority/GDAJam_Spring22/Content/Main_Game/menuLevel/mmElements/Abel-Regular.uexp" 334
"C:/Unreal Projects with Priority/GDAJam_Spring22/Content/Main_Game/menuLevel/mmElements/Abel-Regular.ufont" 335
"C:/Unreal Projects with Priority/GDAJam_Spring22/Content/Main_Game/menuLevel/mmElements/Abel-Regular_Font.uasset" 336
"C:/Unreal Projects with Priority/GDAJam_Spring22/Content/Main_Game/menuLevel/mmElements/Abel-Regular_Font.uexp" 337
"C:/Unreal Projects with Priority/GDAJam_Spring22/Content/Main_Game/menuLevel/mainMenu/htp.uasset" 338
"C:/Unreal Projects with Priority/GDAJam_Spring22/Content/Main_Game/menuLevel/mainMenu/htp.uexp" 339
"C:/Unreal Projects with Priority/GDAJam_Spring22/Content/Main_Game/menuLevel/mainMenu/credits.uasset" 340
"C:/Unreal Projects with Priority/GDAJam_Spring22/Content/Main_Game/menuLevel/mainMenu/credits.uexp" 341
"C:/Unreal Projects with Priority/GDAJam_Spring22/Content/Main_Game/menuLevel/mainMenu/Main_Menu.uasset" 342
"C:/Unreal Projects with Priority/GDAJam_Spring22/Content/Main_Game/menuLevel/mainMenu/Main_Menu.uexp" 343
"../../../Engine/Content/ArtTools/RenderToTexture/Meshes/S_1_Unit_Plane.uasset" 344
"../../../Engine/Content/ArtTools/RenderToTexture/Meshes/S_1_Unit_Plane.uexp" 345
"../../../Engine/Content/EditorLandscapeResources/DataLayer.uasset" 346
"../../../Engine/Content/EditorLandscapeResources/DataLayer.uexp" 347
"../../../Engine/Content/EditorLandscapeResources/DefaultAlphaTexture.uasset" 348
"../../../Engine/Content/EditorLandscapeResources/DefaultAlphaTexture.uexp" 349
"../../../Engine/Content/EditorMaterials/MAT_Groups_Toggle.uasset" 350
"../../../Engine/Content/EditorMaterials/MAT_Groups_Toggle.uexp" 351
"../../../Engine/Content/EditorMaterials/MAT_Groups_Visibility.uasset" 352
"../../../Engine/Content/EditorMaterials/MAT_Groups_Visibility.uexp" 353
"../../../Engine/Content/EditorMaterials/PreviewShadowIndicator.uasset" 354
"../../../Engine/Content/EditorMaterials/PreviewShadowIndicator.uexp" 355
"../../../Engine/Content/EditorMaterials/PreviewShadowIndicator.ubulk" 356
"../../../Engine/Content/EditorMaterials/PreviewShadowIndicatorMaterial.uasset" 357
"../../../Engine/Content/EditorMaterials/PreviewShadowIndicatorMaterial.uexp" 358
"../../../Engine/Content/EditorMaterials/MatineeGroups/MAT_ColorTrack.uasset" 359
"../../../Engine/Content/EditorMaterials/MatineeGroups/MAT_ColorTrack.uexp" 360
"../../../Engine/Content/EditorMaterials/MatineeGroups/MAT_Groups_Anim.uasset" 361
"../../../Engine/Content/EditorMaterials/MatineeGroups/MAT_Groups_Anim.uexp" 362
"../../../Engine/Content/EditorMaterials/MatineeGroups/MAT_Groups_AudioMaster.uasset" 363
"../../../Engine/Content/EditorMaterials/MatineeGroups/MAT_Groups_AudioMaster.uexp" 364
"../../../Engine/Content/EditorMaterials/MatineeGroups/MAT_Groups_Director.uasset" 365
"../../../Engine/Content/EditorMaterials/MatineeGroups/MAT_Groups_Director.uexp" 366
"../../../Engine/Content/EditorMaterials/MatineeGroups/MAT_Groups_Event.uasset" 367
"../../../Engine/Content/EditorMaterials/MatineeGroups/MAT_Groups_Event.uexp" 368
"../../../Engine/Content/EditorMaterials/MatineeGroups/MAT_Groups_Fade.uasset" 369
"../../../Engine/Content/EditorMaterials/MatineeGroups/MAT_Groups_Fade.uexp" 370
"../../../Engine/Content/EditorMaterials/MatineeGroups/MAT_Groups_Float.uasset" 371
"../../../Engine/Content/EditorMaterials/MatineeGroups/MAT_Groups_Float.uexp" 372
"../../../Engine/Content/EditorMaterials/MatineeGroups/MAT_Groups_Move.uasset" 373
"../../../Engine/Content/EditorMaterials/MatineeGroups/MAT_Groups_Move.uexp" 374
"../../../Engine/Content/EditorMaterials/MatineeGroups/MAT_Groups_Slomo.uasset" 375
"../../../Engine/Content/EditorMaterials/MatineeGroups/MAT_Groups_Slomo.uexp" 376
"../../../Engine/Content/EditorMaterials/MatineeGroups/MAT_Groups_Sound.uasset" 377
"../../../Engine/Content/EditorMaterials/MatineeGroups/MAT_Groups_Sound.uexp" 378
"../../../Engine/Content/EditorMaterials/MatineeGroups/MAT_Groups_Vector.uasset" 379
"../../../Engine/Content/EditorMaterials/MatineeGroups/MAT_Groups_Vector.uexp" 380
"../../../Engine/Content/EditorMaterials/ParticleSystems/PSysThumbnail_NoImage.uasset" 381
"../../../Engine/Content/EditorMaterials/ParticleSystems/PSysThumbnail_NoImage.uexp" 382
"../../../Engine/Content/EditorMaterials/ParticleSystems/PSysThumbnail_NoImage.ubulk" 383
"../../../Engine/Content/EditorMaterials/ParticleSystems/PSysThumbnail_OOD.uasset" 384
"../../../Engine/Content/EditorMaterials/ParticleSystems/PSysThumbnail_OOD.uexp" 385
"../../../Engine/Content/EditorMaterials/ParticleSystems/PSysThumbnail_OOD.ubulk" 386
"../../../Engine/Content/EditorMaterials/Camera/CineMat.uasset" 387
"../../../Engine/Content/EditorMaterials/Camera/CineMat.uexp" 388
"../../../Engine/Content/EditorMaterials/Camera/MI_CineMat_Rig.uasset" 389
"../../../Engine/Content/EditorMaterials/Camera/MI_CineMat_Rig.uexp" 390
"../../../Engine/Content/EditorMeshes/Camera/SM_CraneRig_Arm.uasset" 391
"../../../Engine/Content/EditorMeshes/Camera/SM_CraneRig_Arm.uexp" 392
"../../../Engine/Content/EditorMeshes/Camera/SM_CraneRig_Base.uasset" 393
"../../../Engine/Content/EditorMeshes/Camera/SM_CraneRig_Base.uexp" 394
"../../../Engine/Content/EditorMeshes/Camera/SM_CraneRig_Body.uasset" 395
"../../../Engine/Content/EditorMeshes/Camera/SM_CraneRig_Body.uexp" 396
"../../../Engine/Content/EditorMeshes/Camera/SM_CraneRig_Mount.uasset" 397
"../../../Engine/Content/EditorMeshes/Camera/SM_CraneRig_Mount.uexp" 398
"../../../Engine/Content/EditorMeshes/Camera/SM_RailRig_Mount.uasset" 399
"../../../Engine/Content/EditorMeshes/Camera/SM_RailRig_Mount.uexp" 400
"../../../Engine/Content/EditorMeshes/Camera/SM_RailRig_Track.uasset" 401
"../../../Engine/Content/EditorMeshes/Camera/SM_RailRig_Track.uexp" 402
"../../../Engine/Content/EditorResources/BSPVertex.uasset" 403
"../../../Engine/Content/EditorResources/BSPVertex.uexp" 404
"../../../Engine/Content/EditorResources/EmptyActor.uasset" 405
"../../../Engine/Content/EditorResources/EmptyActor.uexp" 406
"../../../Engine/Content/EditorResources/S_Actor.uasset" 407
"../../../Engine/Content/EditorResources/S_Actor.uexp" 408
"../../../Engine/Content/EditorResources/S_Actor.ubulk" 409
"../../../Engine/Content/EditorResources/S_Note.uasset" 410
"../../../Engine/Content/EditorResources/S_Note.uexp" 411
"../../../Engine/Content/EditorResources/S_Note.ubulk" 412
"../../../Engine/Content/EditorResources/S_Solver.uasset" 413
"../../../Engine/Content/EditorResources/S_Solver.uexp" 414
"../../../Engine/Content/EditorResources/S_Solver.ubulk" 415
"../../../Engine/Content/EditorResources/S_Terrain.uasset" 416
"../../../Engine/Content/EditorResources/S_Terrain.uexp" 417
"../../../Engine/Content/EditorResources/S_Terrain.ubulk" 418
"../../../Engine/Content/EditorResources/S_Trigger.uasset" 419
"../../../Engine/Content/EditorResources/S_Trigger.uexp" 420
"../../../Engine/Content/EditorResources/S_Trigger.ubulk" 421
"../../../Engine/Content/EditorResources/LightIcons/S_LightError.uasset" 422
"../../../Engine/Content/EditorResources/LightIcons/S_LightError.uexp" 423
"../../../Engine/Content/EditorResources/SequenceRecorder/Countdown.uasset" 424
"../../../Engine/Content/EditorResources/SequenceRecorder/Countdown.uexp" 425
"../../../Engine/Content/EditorResources/SequenceRecorder/RecordingIndicator.uasset" 426
"../../../Engine/Content/EditorResources/SequenceRecorder/RecordingIndicator.uexp" 427
"../../../Engine/Content/EngineDamageTypes/DmgTypeBP_Environmental.uasset" 428
"../../../Engine/Content/EngineDamageTypes/DmgTypeBP_Environmental.uexp" 429
"../../../Engine/Content/EngineDebugMaterials/DebugEditorMaterial.uasset" 430
"../../../Engine/Content/EngineDebugMaterials/DebugEditorMaterial.uexp" 431
"../../../Engine/Content/EngineDebugMaterials/DebugMeshMaterial.uasset" 432
"../../../Engine/Content/EngineDebugMaterials/DebugMeshMaterial.uexp" 433
"../../../Engine/Content/EngineDebugMaterials/M_SimpleUnlitTranslucent.uasset" 434
"../../../Engine/Content/EngineDebugMaterials/M_SimpleUnlitTranslucent.uexp" 435
"../../../Engine/Content/EngineDebugMaterials/VolumeToRender.uasset" 436
"../../../Engine/Content/EngineDebugMaterials/VolumeToRender.uexp" 437
"../../../Engine/Content/Functions/Engine_MaterialFunctions02/Utility/CameraDirectionVector.uasset" 438
"../../../Engine/Content/Functions/Engine_MaterialFunctions02/Utility/CameraDirectionVector.uexp" 439
"../../../Engine/Content/EngineDebugMaterials/M_VolumeRenderSphereTracePP.uasset" 440
"../../../Engine/Content/EngineDebugMaterials/M_VolumeRenderSphereTracePP.uexp" 441
"../../../Engine/Content/Functions/Engine_MaterialFunctions01/Shading/ConvertFromDiffSpec.uasset" 442
"../../../Engine/Content/Functions/Engine_MaterialFunctions01/Shading/ConvertFromDiffSpec.uexp" 443
"../../../Engine/Content/EngineDebugMaterials/VertexColorMaterial.uasset" 444
"../../../Engine/Content/EngineDebugMaterials/VertexColorMaterial.uexp" 445
"../../../Engine/Content/EngineDebugMaterials/WireframeMaterial.uasset" 446
"../../../Engine/Content/EngineDebugMaterials/WireframeMaterial.uexp" 447
"../../../Engine/Content/EngineFonts/Faces/RobotoRegular.uasset" 448
"../../../Engine/Content/EngineFonts/Faces/RobotoRegular.uexp" 449
"../../../Engine/Content/EngineFonts/Faces/RobotoRegular.ufont" 450
"../../../Engine/Content/EngineFonts/Faces/RobotoLight.uasset" 451
"../../../Engine/Content/EngineFonts/Faces/RobotoLight.uexp" 452
"../../../Engine/Content/EngineFonts/Faces/RobotoLight.ufont" 453
"../../../Engine/Content/EngineFonts/Faces/RobotoItalic.uasset" 454
"../../../Engine/Content/EngineFonts/Faces/RobotoItalic.uexp" 455
"../../../Engine/Content/EngineFonts/Faces/RobotoItalic.ufont" 456
"../../../Engine/Content/EngineFonts/Faces/RobotoBoldItalic.uasset" 457
"../../../Engine/Content/EngineFonts/Faces/RobotoBoldItalic.uexp" 458
"../../../Engine/Content/EngineFonts/Faces/RobotoBoldItalic.ufont" 459
"../../../Engine/Content/EngineFonts/Faces/RobotoBold.uasset" 460
"../../../Engine/Content/EngineFonts/Faces/RobotoBold.uexp" 461
"../../../Engine/Content/EngineFonts/Faces/RobotoBold.ufont" 462
"../../../Engine/Content/EngineFonts/Faces/DroidSansFallback.uasset" 463
"../../../Engine/Content/EngineFonts/Faces/DroidSansFallback.uexp" 464
"../../../Engine/Content/EngineFonts/Faces/DroidSansFallback.ufont" 465
"../../../Engine/Content/EngineFonts/Roboto.uasset" 466
"../../../Engine/Content/EngineFonts/Roboto.uexp" 467
"../../../Engine/Content/EngineMaterials/BaseFlattenNormalMap.uasset" 468
"../../../Engine/Content/EngineMaterials/BaseFlattenNormalMap.uexp" 469
"../../../Engine/Content/EngineMaterials/BaseFlattenGrayscaleMap.uasset" 470
"../../../Engine/Content/EngineMaterials/BaseFlattenGrayscaleMap.uexp" 471
"../../../Engine/Content/EngineMaterials/BaseFlattenEmissiveMap.uasset" 472
"../../../Engine/Content/EngineMaterials/BaseFlattenEmissiveMap.uexp" 473
"../../../Engine/Content/EngineMaterials/BaseFlattenDiffuseMap.uasset" 474
"../../../Engine/Content/EngineMaterials/BaseFlattenDiffuseMap.uexp" 475
"../../../Engine/Content/EngineMaterials/BaseFlattenMaterial.uasset" 476
"../../../Engine/Content/EngineMaterials/BaseFlattenMaterial.uexp" 477
"../../../Engine/Content/EngineMaterials/BlueNoise.uasset" 478
"../../../Engine/Content/EngineMaterials/BlueNoise.uexp" 479
"../../../Engine/Content/EngineMaterials/DefaultBloomKernel.uasset" 480
"../../../Engine/Content/EngineMaterials/DefaultBloomKernel.uexp" 481
"../../../Engine/Content/EngineMaterials/DefaultBokeh.uasset" 482
"../../../Engine/Content/EngineMaterials/DefaultBokeh.uexp" 483
"../../../Engine/Content/EngineMaterials/DefaultDiffuse.uasset" 484
"../../../Engine/Content/EngineMaterials/DefaultDiffuse.uexp" 485
"../../../Engine/Content/EngineMaterials/DefaultDiffuse.ubulk" 486
"../../../Engine/Content/EngineMaterials/DefaultDeferredDecalMaterial.uasset" 487
"../../../Engine/Content/EngineMaterials/DefaultDeferredDecalMaterial.uexp" 488
"../../../Engine/Content/EngineMaterials/DefaultLightFunctionMaterial.uasset" 489
"../../../Engine/Content/EngineMaterials/DefaultLightFunctionMaterial.uexp" 490
"../../../Engine/Content/EngineMaterials/DefaultPhysicalMaterial.uasset" 491
"../../../Engine/Content/EngineMaterials/DefaultPhysicalMaterial.uexp" 492
"../../../Engine/Content/Functions/Engine_MaterialFunctions02/Utility/BreakOutFloat2Components.uasset" 493
"../../../Engine/Content/Functions/Engine_MaterialFunctions02/Utility/BreakOutFloat2Components.uexp" 494
"../../../Engine/Content/EngineMaterials/DefaultPostProcessMaterial.uasset" 495
"../../../Engine/Content/EngineMaterials/DefaultPostProcessMaterial.uexp" 496
"../../../Engine/Content/EngineFonts/RobotoDistanceField.uasset" 497
"../../../Engine/Content/EngineFonts/RobotoDistanceField.uexp" 498
"../../../Engine/Content/EngineMaterials/DefaultTextMaterialOpaque.uasset" 499
"../../../Engine/Content/EngineMaterials/DefaultTextMaterialOpaque.uexp" 500
"../../../Engine/Content/EngineMaterials/DefaultWhiteGrid.uasset" 501
"../../../Engine/Content/EngineMaterials/DefaultWhiteGrid.uexp" 502
"../../../Engine/Content/EngineMaterials/DefaultWhiteGrid.ubulk" 503
"../../../Engine/Content/EngineMaterials/DefaultWhiteGrid_Low.uasset" 504
"../../../Engine/Content/EngineMaterials/DefaultWhiteGrid_Low.uexp" 505
"../../../Engine/Content/EngineMaterials/EmissiveMeshMaterial.uasset" 506
"../../../Engine/Content/EngineMaterials/EmissiveMeshMaterial.uexp" 507
"../../../Engine/Content/EngineMaterials/GizmoMaterial.uasset" 508
"../../../Engine/Content/EngineMaterials/GizmoMaterial.uexp" 509
"../../../Engine/Content/EngineMaterials/Good64x64TilingNoiseHighFreq.uasset" 510
"../../../Engine/Content/EngineMaterials/Good64x64TilingNoiseHighFreq.uexp" 511
"../../../Engine/Content/EngineMaterials/MiniFont.uasset" 512
"../../../Engine/Content/EngineMaterials/MiniFont.uexp" 513
"../../../Engine/Content/EngineMaterials/InvalidLightmapSettings.uasset" 514
"../../../Engine/Content/EngineMaterials/InvalidLightmapSettings.uexp" 515
"../../../Engine/Content/EngineMaterials/InvalidLightmapSettings.ubulk" 516
"../../../Engine/Content/EngineMaterials/M_InvalidLightmapSettings.uasset" 517
"../../../Engine/Content/EngineMaterials/M_InvalidLightmapSettings.uexp" 518
"../../../Engine/Content/Functions/Engine_MaterialFunctions02/WorldPositionOffset/CameraOffset.uasset" 519
"../../../Engine/Content/Functions/Engine_MaterialFunctions02/WorldPositionOffset/CameraOffset.uexp" 520
"../../../Engine/Content/EngineMaterials/PhAT_JointLimitMaterial.uasset" 521
"../../../Engine/Content/EngineMaterials/PhAT_JointLimitMaterial.uexp" 522
"../../../Engine/Content/EngineMaterials/DefaultCalibrationColor.uasset" 523
"../../../Engine/Content/EngineMaterials/DefaultCalibrationColor.uexp" 524
"../../../Engine/Content/EngineMaterials/PPM_DefaultCalibrationColor.uasset" 525
"../../../Engine/Content/EngineMaterials/PPM_DefaultCalibrationColor.uexp" 526
"../../../Engine/Content/EngineMaterials/DefaultCalibrationGrayscale.uasset" 527
"../../../Engine/Content/EngineMaterials/DefaultCalibrationGrayscale.uexp" 528
"../../../Engine/Content/EngineMaterials/PPM_DefaultCalibrationGrayscale.uasset" 529
"../../../Engine/Content/EngineMaterials/PPM_DefaultCalibrationGrayscale.uexp" 530
"../../../Engine/Content/EngineMaterials/PreintegratedSkinBRDF.uasset" 531
"../../../Engine/Content/EngineMaterials/PreintegratedSkinBRDF.uexp" 532
"../../../Engine/Content/EngineMaterials/RemoveSurfaceMaterial.uasset" 533
"../../../Engine/Content/EngineMaterials/RemoveSurfaceMaterial.uexp" 534
"../../../Engine/Content/EngineMaterials/WeightMapPlaceholderTexture.uasset" 535
"../../../Engine/Content/EngineMaterials/WeightMapPlaceholderTexture.uexp" 536
"../../../Engine/Content/EngineResources/WhiteSquareTexture.uasset" 537
"../../../Engine/Content/EngineResources/WhiteSquareTexture.uexp" 538
"../../../Engine/Content/EngineMaterials/Widget3DPassThrough.uasset" 539
"../../../Engine/Content/EngineMaterials/Widget3DPassThrough.uexp" 540
"../../../Engine/Content/EngineMaterials/Widget3DPassThrough_Masked.uasset" 541
"../../../Engine/Content/EngineMaterials/Widget3DPassThrough_Masked.uexp" 542
"../../../Engine/Content/EngineMaterials/Widget3DPassThrough_Opaque.uasset" 543
"../../../Engine/Content/EngineMaterials/Widget3DPassThrough_Opaque.uexp" 544
"../../../Engine/Content/EngineMaterials/Widget3DPassThrough_Masked_OneSided.uasset" 545
"../../../Engine/Content/EngineMaterials/Widget3DPassThrough_Masked_OneSided.uexp" 546
"../../../Engine/Content/EngineMaterials/Widget3DPassThrough_Opaque_OneSided.uasset" 547
"../../../Engine/Content/EngineMaterials/Widget3DPassThrough_Opaque_OneSided.uexp" 548
"../../../Engine/Content/EngineMaterials/Widget3DPassThrough_Translucent.uasset" 549
"../../../Engine/Content/EngineMaterials/Widget3DPassThrough_Translucent.uexp" 550
"../../../Engine/Content/EngineMaterials/Widget3DPassThrough_Translucent_OneSided.uasset" 551
"../../../Engine/Content/EngineMaterials/Widget3DPassThrough_Translucent_OneSided.uexp" 552
"../../../Engine/Content/EngineMeshes/Cylinder.uasset" 553
"../../../Engine/Content/EngineMeshes/Cylinder.uexp" 554
"../../../Engine/Content/EngineMeshes/Sphere.uasset" 555
"../../../Engine/Content/EngineMeshes/Sphere.uexp" 556
"../../../Engine/Content/EngineResources/DefaultTexture.uasset" 557
"../../../Engine/Content/EngineResources/DefaultTexture.uexp" 558
"../../../Engine/Content/EngineResources/DefaultTexture.ubulk" 559
"../../../Engine/Content/EngineResources/DefaultTextureCube.uasset" 560
"../../../Engine/Content/EngineResources/DefaultTextureCube.uexp" 561
"../../../Engine/Content/EngineResources/DefaultVolumeTexture2D.uasset" 562
"../../../Engine/Content/EngineResources/DefaultVolumeTexture2D.uexp" 563
"../../../Engine/Content/EngineResources/DefaultVolumeTexture.uasset" 564
"../../../Engine/Content/EngineResources/DefaultVolumeTexture.uexp" 565
"../../../Engine/Content/EngineResources/GradientTexture0.uasset" 566
"../../../Engine/Content/EngineResources/GradientTexture0.uexp" 567
"../../../Engine/Content/EngineSky/VolumetricClouds/T_NoiseShape64.uasset" 568
"../../../Engine/Content/EngineSky/VolumetricClouds/T_NoiseShape64.uexp" 569
"../../../Engine/Content/EngineSky/VolumetricClouds/T_NoiseShape64.ubulk" 570
"../../../Engine/Content/EngineSky/VolumetricClouds/T_VolumeNoiseShape64.uasset" 571
"../../../Engine/Content/EngineSky/VolumetricClouds/T_VolumeNoiseShape64.uexp" 572
"../../../Engine/Content/EngineSky/VolumetricClouds/T_NoiseErosion.uasset" 573
"../../../Engine/Content/EngineSky/VolumetricClouds/T_NoiseErosion.uexp" 574
"../../../Engine/Content/EngineSky/VolumetricClouds/T_NoiseErosion.ubulk" 575
"../../../Engine/Content/EngineSky/VolumetricClouds/T_VolumeNoiseErosion32.uasset" 576
"../../../Engine/Content/EngineSky/VolumetricClouds/T_VolumeNoiseErosion32.uexp" 577
"../../../Engine/Content/Functions/Engine_MaterialFunctions02/Utility/MakeFloat2.uasset" 578
"../../../Engine/Content/Functions/Engine_MaterialFunctions02/Utility/MakeFloat2.uexp" 579
"../../../Engine/Content/EngineSky/VolumetricClouds/CloudWeatherTexture.uasset" 580
"../../../Engine/Content/EngineSky/VolumetricClouds/CloudWeatherTexture.uexp" 581
"../../../Engine/Content/EngineSky/VolumetricClouds/CloudGradientTexture.uasset" 582
"../../../Engine/Content/EngineSky/VolumetricClouds/CloudGradientTexture.uexp" 583
"../../../Engine/Content/EngineSky/VolumetricClouds/m_SimpleVolumetricCloud.uasset" 584
"../../../Engine/Content/EngineSky/VolumetricClouds/m_SimpleVolumetricCloud.uexp" 585
"../../../Engine/Content/EngineSky/VolumetricClouds/m_SimpleVolumetricCloud_Inst.uasset" 586
"../../../Engine/Content/EngineSky/VolumetricClouds/m_SimpleVolumetricCloud_Inst.uexp" 587
"../../../Engine/Content/EngineSounds/Master.uasset" 588
"../../../Engine/Content/EngineSounds/Master.uexp" 589
"../../../Engine/Content/Functions/Engine_MaterialFunctions01/Shading/PowerToRoughness.uasset" 590
"../../../Engine/Content/Functions/Engine_MaterialFunctions01/Shading/PowerToRoughness.uexp" 591
"../../../Engine/Content/Maps/Templates/Thumbnails/Default.uasset" 592
"../../../Engine/Content/Maps/Templates/Thumbnails/Default.uexp" 593
"../../../Engine/Content/Maps/Templates/Thumbnails/TimeOfDay.uasset" 594
"../../../Engine/Content/Maps/Templates/Thumbnails/TimeOfDay.uexp" 595
"../../../Engine/Content/Maps/Templates/Thumbnails/VR-Basic.uasset" 596
"../../../Engine/Content/Maps/Templates/Thumbnails/VR-Basic.uexp" 597
"../../../Engine/Content/MobileResources/T_MobileControls_texture.uasset" 598
"../../../Engine/Content/MobileResources/T_MobileControls_texture.uexp" 599
"../../../Engine/Content/MobileResources/T_MobileMenu2.uasset" 600
"../../../Engine/Content/MobileResources/T_MobileMenu2.uexp" 601
"../../../Engine/Content/MobileResources/HUD/AnalogHat.uasset" 602
"../../../Engine/Content/MobileResources/HUD/AnalogHat.uexp" 603
"../../../Engine/Content/MobileResources/HUD/VirtualJoystick_Thumb.uasset" 604
"../../../Engine/Content/MobileResources/HUD/VirtualJoystick_Thumb.uexp" 605
"../../../Engine/Content/MobileResources/HUD/VirtualJoystick_Background.uasset" 606
"../../../Engine/Content/MobileResources/HUD/VirtualJoystick_Background.uexp" 607
"../../../Engine/Content/MobileResources/HUD/DefaultVirtualJoysticks.uasset" 608
"../../../Engine/Content/MobileResources/HUD/DefaultVirtualJoysticks.uexp" 609
"../../../Engine/Content/MobileResources/HUD/LeftVirtualJoystickOnly.uasset" 610
"../../../Engine/Content/MobileResources/HUD/LeftVirtualJoystickOnly.uexp" 611
"../../../Engine/Content/MobileResources/HUD/MobileHUDButton1_off.uasset" 612
"../../../Engine/Content/MobileResources/HUD/MobileHUDButton1_off.uexp" 613
"../../../Engine/Content/MobileResources/HUD/MobileHUDButton1_on.uasset" 614
"../../../Engine/Content/MobileResources/HUD/MobileHUDButton1_on.uexp" 615
"../../../Engine/Content/MobileResources/HUD/MobileHUDButton2_off.uasset" 616
"../../../Engine/Content/MobileResources/HUD/MobileHUDButton2_off.uexp" 617
"../../../Engine/Content/MobileResources/HUD/MobileHUDButton2_on.uasset" 618
"../../../Engine/Content/MobileResources/HUD/MobileHUDButton2_on.uexp" 619
"../../../Engine/Content/MobileResources/HUD/MobileHUDButton3.uasset" 620
"../../../Engine/Content/MobileResources/HUD/MobileHUDButton3.uexp" 621
"../../../Engine/Content/MobileResources/HUD/MobileHUDButtonFire.uasset" 622
"../../../Engine/Content/MobileResources/HUD/MobileHUDButtonFire.uexp" 623
"../../../Engine/Content/MobileResources/HUD/MobileHUDDirectionPad.uasset" 624
"../../../Engine/Content/MobileResources/HUD/MobileHUDDirectionPad.uexp" 625
"../../../Engine/Content/MobileResources/HUD/MobileHUDDirectionPad2.uasset" 626
"../../../Engine/Content/MobileResources/HUD/MobileHUDDirectionPad2.uexp" 627
"../../../Engine/Content/MobileResources/HUD/MobileHUDDirectionPad3.uasset" 628
"../../../Engine/Content/MobileResources/HUD/MobileHUDDirectionPad3.uexp" 629
"../../../Engine/Content/MobileResources/HUD/MobileHUDDirectionStick.uasset" 630
"../../../Engine/Content/MobileResources/HUD/MobileHUDDirectionStick.uexp" 631
"../../../Engine/Content/MobileResources/HUD/T_Castle_ThumbstickInner.uasset" 632
"../../../Engine/Content/MobileResources/HUD/T_Castle_ThumbstickInner.uexp" 633
"../../../Engine/Content/MobileResources/HUD/T_Castle_ThumbstickOutter.uasset" 634
"../../../Engine/Content/MobileResources/HUD/T_Castle_ThumbstickOutter.uexp" 635
"../../../Engine/Content/Tutorial/ContentIntroCurve.uasset" 636
"../../../Engine/Content/Tutorial/ContentIntroCurve.uexp" 637
"../../../Engine/Content/Tutorial/Basics/TutorialAssets/icon_tab_Levels_40x.uasset" 638
"../../../Engine/Content/Tutorial/Basics/TutorialAssets/icon_tab_Levels_40x.uexp" 639
"../../../Engine/Content/Tutorial/BlueprintTutorials/TutorialAssets/Blueprint_64x.uasset" 640
"../../../Engine/Content/Tutorial/BlueprintTutorials/TutorialAssets/Blueprint_64x.uexp" 641
"../../../Engine/Content/VREditor/TransformGizmo/TranslucentTransformGizmoMaterial.uasset" 642
"../../../Engine/Content/VREditor/TransformGizmo/TranslucentTransformGizmoMaterial.uexp" 643
"../../../Engine/Content/VREditor/LaserPointer/VR_LaserPower_01.uasset" 644
"../../../Engine/Content/VREditor/LaserPointer/VR_LaserPower_01.uexp" 645
"../../../Engine/Content/VREditor/LaserPointer/VR_LaserPower_01.ubulk" 646
"../../../Engine/Content/VREditor/TransformGizmo/TransformGizmoMaterial.uasset" 647
"../../../Engine/Content/VREditor/TransformGizmo/TransformGizmoMaterial.uexp" 648
"../../../Engine/Content/VREditor/TransformGizmo/BoundingBoxCorner.uasset" 649
"../../../Engine/Content/VREditor/TransformGizmo/BoundingBoxCorner.uexp" 650
"../../../Engine/Content/VREditor/TransformGizmo/BoundingBoxEdge.uasset" 651
"../../../Engine/Content/VREditor/TransformGizmo/BoundingBoxEdge.uexp" 652
"../../../Engine/Content/VREditor/TransformGizmo/PlaneTranslationHandle.uasset" 653
"../../../Engine/Content/VREditor/TransformGizmo/PlaneTranslationHandle.uexp" 654
"../../../Engine/Content/VREditor/TransformGizmo/Xray.uasset" 655
"../../../Engine/Content/VREditor/TransformGizmo/Xray.uexp" 656
"../../../Engine/Content/VREditor/TransformGizmo/Main.uasset" 657
"../../../Engine/Content/VREditor/TransformGizmo/Main.uexp" 658
"../../../Engine/Content/VREditor/TransformGizmo/SM_Sequencer_Key.uasset" 659
"../../../Engine/Content/VREditor/TransformGizmo/SM_Sequencer_Key.uexp" 660
"../../../Engine/Content/VREditor/TransformGizmo/SM_Sequencer_Node.uasset" 661
"../../../Engine/Content/VREditor/TransformGizmo/SM_Sequencer_Node.uexp" 662
"../../../Engine/Plugins/2D/Paper2D/Content/PlaceholderTextures/DummySpriteTexture.uasset" 663
"../../../Engine/Plugins/2D/Paper2D/Content/PlaceholderTextures/DummySpriteTexture.uexp" 664
"../../../Engine/Plugins/2D/Paper2D/Content/PlaceholderTextures/DummySpriteTexture.ubulk" 665
"../../../Engine/Plugins/2D/Paper2D/Content/DummySprite.uasset" 666
"../../../Engine/Plugins/2D/Paper2D/Content/DummySprite.uexp" 667
"../../../Engine/Plugins/2D/Paper2D/Content/DefaultPaperTerrainMaterial.uasset" 668
"../../../Engine/Plugins/2D/Paper2D/Content/DefaultPaperTerrainMaterial.uexp" 669
"../../../Engine/Plugins/2D/Paper2D/Content/DefaultSpriteMaterial.uasset" 670
"../../../Engine/Plugins/2D/Paper2D/Content/DefaultSpriteMaterial.uexp" 671
"../../../Engine/Plugins/2D/Paper2D/Content/MaskedUnlitSpriteMaterial.uasset" 672
"../../../Engine/Plugins/2D/Paper2D/Content/MaskedUnlitSpriteMaterial.uexp" 673
"../../../Engine/Plugins/2D/Paper2D/Content/OpaqueUnlitSpriteMaterial.uasset" 674
"../../../Engine/Plugins/2D/Paper2D/Content/OpaqueUnlitSpriteMaterial.uexp" 675
"../../../Engine/Content/Functions/Engine_MaterialFunctions02/Utility/VectorLength.uasset" 676
"../../../Engine/Content/Functions/Engine_MaterialFunctions02/Utility/VectorLength.uexp" 677
"../../../Engine/Content/Functions/Engine_MaterialFunctions02/Utility/BreakOutFloat3Components.uasset" 678
"../../../Engine/Content/Functions/Engine_MaterialFunctions02/Utility/BreakOutFloat3Components.uexp" 679
"../../../Engine/Plugins/Editor/SpeedTreeImporter/Content/SpeedTree9/UnpackInteger3.uasset" 680
"../../../Engine/Plugins/Editor/SpeedTreeImporter/Content/SpeedTree9/UnpackInteger3.uexp" 681
"../../../Engine/Plugins/Editor/SpeedTreeImporter/Content/SpeedTree9/UnpackDirection.uasset" 682
"../../../Engine/Plugins/Editor/SpeedTreeImporter/Content/SpeedTree9/UnpackDirection.uexp" 683
"../../../Engine/Plugins/Editor/SpeedTreeImporter/Content/SpeedTree9/game_wind_noise.uasset" 684
"../../../Engine/Plugins/Editor/SpeedTreeImporter/Content/SpeedTree9/game_wind_noise.uexp" 685
"../../../Engine/Plugins/Editor/SpeedTreeImporter/Content/SpeedTree9/game_wind_noise.ubulk" 686
"../../../Engine/Content/Functions/Engine_MaterialFunctions02/SafeNormalize.uasset" 687
"../../../Engine/Content/Functions/Engine_MaterialFunctions02/SafeNormalize.uexp" 688
"../../../Engine/Plugins/Editor/SpeedTreeImporter/Content/SpeedTree9/SpeedTreeWindMotion.uasset" 689
"../../../Engine/Plugins/Editor/SpeedTreeImporter/Content/SpeedTree9/SpeedTreeWindMotion.uexp" 690
"../../../Engine/Plugins/Editor/SpeedTreeImporter/Content/SpeedTree9/SpeedTreeBranchMotion.uasset" 691
"../../../Engine/Plugins/Editor/SpeedTreeImporter/Content/SpeedTree9/SpeedTreeBranchMotion.uexp" 692
"../../../Engine/Content/Functions/Engine_MaterialFunctions02/ObjectLocalBounds.uasset" 693
"../../../Engine/Content/Functions/Engine_MaterialFunctions02/ObjectLocalBounds.uexp" 694
"../../../Engine/Content/Functions/Engine_MaterialFunctions02/UVs/BoundingBoxBased_0-1_UVW.uasset" 695
"../../../Engine/Content/Functions/Engine_MaterialFunctions02/UVs/BoundingBoxBased_0-1_UVW.uexp" 696
"../../../Engine/Content/Functions/Engine_MaterialFunctions02/WorldPositionOffset/ObjectScale.uasset" 697
"../../../Engine/Content/Functions/Engine_MaterialFunctions02/WorldPositionOffset/ObjectScale.uexp" 698
"../../../Engine/Plugins/Editor/SpeedTreeImporter/Content/SpeedTree9/SpeedTreeWind.uasset" 699
"../../../Engine/Plugins/Editor/SpeedTreeImporter/Content/SpeedTree9/SpeedTreeWind.uexp" 700
"../../../Engine/Plugins/Editor/SpeedTreeImporter/Content/SpeedTree9/SpeedTreeBillboard.uasset" 701
"../../../Engine/Plugins/Editor/SpeedTreeImporter/Content/SpeedTree9/SpeedTreeBillboard.uexp" 702
"../../../Engine/Plugins/Editor/SpeedTreeImporter/Content/SpeedTree9/EmptyNormal.uasset" 703
"../../../Engine/Plugins/Editor/SpeedTreeImporter/Content/SpeedTree9/EmptyNormal.uexp" 704
"../../../Engine/Plugins/Editor/SpeedTreeImporter/Content/SpeedTree9/Empty.uasset" 705
"../../../Engine/Plugins/Editor/SpeedTreeImporter/Content/SpeedTree9/Empty.uexp" 706
"../../../Engine/Plugins/Editor/SpeedTreeImporter/Content/SpeedTree9/SpeedTreeBillboardMaster.uasset" 707
"../../../Engine/Plugins/Editor/SpeedTreeImporter/Content/SpeedTree9/SpeedTreeBillboardMaster.uexp" 708
"../../../Engine/Plugins/Editor/SpeedTreeImporter/Content/SpeedTree9/SpeedTreeCameraFacing.uasset" 709
"../../../Engine/Plugins/Editor/SpeedTreeImporter/Content/SpeedTree9/SpeedTreeCameraFacing.uexp" 710
"../../../Engine/Plugins/Editor/SpeedTreeImporter/Content/SpeedTree9/SpeedTreeMaster.uasset" 711
"../../../Engine/Plugins/Editor/SpeedTreeImporter/Content/SpeedTree9/SpeedTreeMaster.uexp" 712
"../../../Engine/Content/ArtTools/RenderToTexture/Materials/Debug/M_Emissive_Color.uasset" 713
"../../../Engine/Content/ArtTools/RenderToTexture/Materials/Debug/M_Emissive_Color.uexp" 714
"../../../Engine/Content/BasicShapes/Cylinder.uasset" 715
"../../../Engine/Content/BasicShapes/Cylinder.uexp" 716
"../../../Engine/Plugins/Lumin/MagicLeapPassableWorld/Content/MagicLeapARPinInfoActor.uasset" 717
"../../../Engine/Plugins/Lumin/MagicLeapPassableWorld/Content/MagicLeapARPinInfoActor.uexp" 718
"../../../Engine/Plugins/Runtime/OpenXR/Content/Devices/GoogleDaydream/MRTexture.uasset" 719
"../../../Engine/Plugins/Runtime/OpenXR/Content/Devices/GoogleDaydream/MRTexture.uexp" 720
"../../../Engine/Plugins/Runtime/OpenXR/Content/Devices/GoogleDaydream/MRTexture.ubulk" 721
"../../../Engine/Plugins/Runtime/OpenXR/Content/Devices/GoogleDaydream/BaseTexture.uasset" 722
"../../../Engine/Plugins/Runtime/OpenXR/Content/Devices/GoogleDaydream/BaseTexture.uexp" 723
"../../../Engine/Plugins/Runtime/OpenXR/Content/Devices/GoogleDaydream/BaseTexture.ubulk" 724
"../../../Engine/Content/EngineResources/Black.uasset" 725
"../../../Engine/Content/EngineResources/Black.uexp" 726
"../../../Engine/Plugins/Runtime/OpenXR/Content/Devices/M_XRController.uasset" 727
"../../../Engine/Plugins/Runtime/OpenXR/Content/Devices/M_XRController.uexp" 728
"../../../Engine/Plugins/Runtime/OpenXR/Content/Devices/GoogleDaydream/MI_GoogleDaydream.uasset" 729
"../../../Engine/Plugins/Runtime/OpenXR/Content/Devices/GoogleDaydream/MI_GoogleDaydream.uexp" 730
"../../../Engine/Plugins/Runtime/OpenXR/Content/Devices/GoogleDaydream/GoogleDaydreamController.uasset" 731
"../../../Engine/Plugins/Runtime/OpenXR/Content/Devices/GoogleDaydream/GoogleDaydreamController.uexp" 732
"../../../Engine/Plugins/Runtime/OpenXR/Content/Devices/HTCVive/BaseTexture.uasset" 733
"../../../Engine/Plugins/Runtime/OpenXR/Content/Devices/HTCVive/BaseTexture.uexp" 734
"../../../Engine/Plugins/Runtime/OpenXR/Content/Devices/HTCVive/BaseTexture.ubulk" 735
"../../../Engine/Plugins/Runtime/OpenXR/Content/Devices/HTCVive/MI_HTCVive.uasset" 736
"../../../Engine/Plugins/Runtime/OpenXR/Content/Devices/HTCVive/MI_HTCVive.uexp" 737
"../../../Engine/Plugins/Runtime/OpenXR/Content/Devices/HTCVive/HTCViveController.uasset" 738
"../../../Engine/Plugins/Runtime/OpenXR/Content/Devices/HTCVive/HTCViveController.uexp" 739
"../../../Engine/Plugins/Runtime/OpenXR/Content/Devices/MicrosoftMixedReality/NormalTexture.uasset" 740
"../../../Engine/Plugins/Runtime/OpenXR/Content/Devices/MicrosoftMixedReality/NormalTexture.uexp" 741
"../../../Engine/Plugins/Runtime/OpenXR/Content/Devices/MicrosoftMixedReality/NormalTexture.ubulk" 742
"../../../Engine/Plugins/Runtime/OpenXR/Content/Devices/MicrosoftMixedReality/MRTexture.uasset" 743
"../../../Engine/Plugins/Runtime/OpenXR/Content/Devices/MicrosoftMixedReality/MRTexture.uexp" 744
"../../../Engine/Plugins/Runtime/OpenXR/Content/Devices/MicrosoftMixedReality/MRTexture.ubulk" 745
"../../../Engine/Plugins/Runtime/OpenXR/Content/Devices/MicrosoftMixedReality/EmissiveTexture.uasset" 746
"../../../Engine/Plugins/Runtime/OpenXR/Content/Devices/MicrosoftMixedReality/EmissiveTexture.uexp" 747
"../../../Engine/Plugins/Runtime/OpenXR/Content/Devices/MicrosoftMixedReality/EmissiveTexture.ubulk" 748
"../../../Engine/Plugins/Runtime/OpenXR/Content/Devices/MicrosoftMixedReality/BaseTexture.uasset" 749
"../../../Engine/Plugins/Runtime/OpenXR/Content/Devices/MicrosoftMixedReality/BaseTexture.uexp" 750
"../../../Engine/Plugins/Runtime/OpenXR/Content/Devices/MicrosoftMixedReality/BaseTexture.ubulk" 751
"../../../Engine/Plugins/Runtime/OpenXR/Content/Devices/MicrosoftMixedReality/MI_MicrosoftMixedReality.uasset" 752
"../../../Engine/Plugins/Runtime/OpenXR/Content/Devices/MicrosoftMixedReality/MI_MicrosoftMixedReality.uexp" 753
"../../../Engine/Plugins/Runtime/OpenXR/Content/Devices/MicrosoftMixedReality/Left/left_MicrosoftMixedRealityController.uasset" 754
"../../../Engine/Plugins/Runtime/OpenXR/Content/Devices/MicrosoftMixedReality/Left/left_MicrosoftMixedRealityController.uexp" 755
"../../../Engine/Plugins/Runtime/OpenXR/Content/Devices/MicrosoftMixedReality/Right/right_MicrosoftMixedRealityController.uasset" 756
"../../../Engine/Plugins/Runtime/OpenXR/Content/Devices/MicrosoftMixedReality/Right/right_MicrosoftMixedRealityController.uexp" 757
"../../../Engine/Plugins/Runtime/OpenXR/Content/Devices/OculusGo/BaseTexture.uasset" 758
"../../../Engine/Plugins/Runtime/OpenXR/Content/Devices/OculusGo/BaseTexture.uexp" 759
"../../../Engine/Plugins/Runtime/OpenXR/Content/Devices/OculusGo/BaseTexture.ubulk" 760
"../../../Engine/Plugins/Runtime/OpenXR/Content/Devices/OculusGo/MI_OculusGo.uasset" 761
"../../../Engine/Plugins/Runtime/OpenXR/Content/Devices/OculusGo/MI_OculusGo.uexp" 762
"../../../Engine/Plugins/Runtime/OpenXR/Content/Devices/OculusGo/OculusGoController.uasset" 763
"../../../Engine/Plugins/Runtime/OpenXR/Content/Devices/OculusGo/OculusGoController.uexp" 764
"../../../Engine/Plugins/Runtime/OpenXR/Content/Devices/OculusTouch/MRTexture.uasset" 765
"../../../Engine/Plugins/Runtime/OpenXR/Content/Devices/OculusTouch/MRTexture.uexp" 766
"../../../Engine/Plugins/Runtime/OpenXR/Content/Devices/OculusTouch/MRTexture.ubulk" 767
"../../../Engine/Plugins/Runtime/OpenXR/Content/Devices/OculusTouch/BaseTexture.uasset" 768
"../../../Engine/Plugins/Runtime/OpenXR/Content/Devices/OculusTouch/BaseTexture.uexp" 769
"../../../Engine/Plugins/Runtime/OpenXR/Content/Devices/OculusTouch/BaseTexture.ubulk" 770
"../../../Engine/Plugins/Runtime/OpenXR/Content/Devices/OculusTouch/MI_OculusTouch.uasset" 771
"../../../Engine/Plugins/Runtime/OpenXR/Content/Devices/OculusTouch/MI_OculusTouch.uexp" 772
"../../../Engine/Plugins/Runtime/OpenXR/Content/Devices/OculusTouch/Left/left_OculusTouchController.uasset" 773
"../../../Engine/Plugins/Runtime/OpenXR/Content/Devices/OculusTouch/Left/left_OculusTouchController.uexp" 774
"../../../Engine/Plugins/Runtime/OpenXR/Content/Devices/OculusTouch/Right/right_OculusTouchController.uasset" 775
"../../../Engine/Plugins/Runtime/OpenXR/Content/Devices/OculusTouch/Right/right_OculusTouchController.uexp" 776
"../../../Engine/Plugins/Runtime/OpenXR/Content/Devices/OculusTouch_v2/MRTexture.uasset" 777
"../../../Engine/Plugins/Runtime/OpenXR/Content/Devices/OculusTouch_v2/MRTexture.uexp" 778
"../../../Engine/Plugins/Runtime/OpenXR/Content/Devices/OculusTouch_v2/MRTexture.ubulk" 779
"../../../Engine/Plugins/Runtime/OpenXR/Content/Devices/OculusTouch_v2/BaseTexture.uasset" 780
"../../../Engine/Plugins/Runtime/OpenXR/Content/Devices/OculusTouch_v2/BaseTexture.uexp" 781
"../../../Engine/Plugins/Runtime/OpenXR/Content/Devices/OculusTouch_v2/BaseTexture.ubulk" 782
"../../../Engine/Plugins/Runtime/OpenXR/Content/Devices/OculusTouch_v2/MI_OculusTouch_v2.uasset" 783
"../../../Engine/Plugins/Runtime/OpenXR/Content/Devices/OculusTouch_v2/MI_OculusTouch_v2.uexp" 784
"../../../Engine/Plugins/Runtime/OpenXR/Content/Devices/OculusTouch_v2/Left/left_OculusTouch_v2Controller.uasset" 785
"../../../Engine/Plugins/Runtime/OpenXR/Content/Devices/OculusTouch_v2/Left/left_OculusTouch_v2Controller.uexp" 786
"../../../Engine/Plugins/Runtime/OpenXR/Content/Devices/OculusTouch_v2/Right/right_OculusTouch_v2Controller.uasset" 787
"../../../Engine/Plugins/Runtime/OpenXR/Content/Devices/OculusTouch_v2/Right/right_OculusTouch_v2Controller.uexp" 788
"../../../Engine/Plugins/Runtime/OpenXR/Content/Devices/OculusTouch_v3/MRTexture.uasset" 789
"../../../Engine/Plugins/Runtime/OpenXR/Content/Devices/OculusTouch_v3/MRTexture.uexp" 790
"../../../Engine/Plugins/Runtime/OpenXR/Content/Devices/OculusTouch_v3/MRTexture.ubulk" 791
"../../../Engine/Plugins/Runtime/OpenXR/Content/Devices/OculusTouch_v3/BaseTexture.uasset" 792
"../../../Engine/Plugins/Runtime/OpenXR/Content/Devices/OculusTouch_v3/BaseTexture.uexp" 793
"../../../Engine/Plugins/Runtime/OpenXR/Content/Devices/OculusTouch_v3/BaseTexture.ubulk" 794
"../../../Engine/Plugins/Runtime/OpenXR/Content/Devices/OculusTouch_v3/MI_OculusTouch_v3.uasset" 795
"../../../Engine/Plugins/Runtime/OpenXR/Content/Devices/OculusTouch_v3/MI_OculusTouch_v3.uexp" 796
"../../../Engine/Plugins/Runtime/OpenXR/Content/Devices/OculusTouch_v3/Left/left_OculusTouch_v3Controller.uasset" 797
"../../../Engine/Plugins/Runtime/OpenXR/Content/Devices/OculusTouch_v3/Left/left_OculusTouch_v3Controller.uexp" 798
"../../../Engine/Plugins/Runtime/OpenXR/Content/Devices/OculusTouch_v3/Right/right_OculusTouch_v3Controller.uasset" 799
"../../../Engine/Plugins/Runtime/OpenXR/Content/Devices/OculusTouch_v3/Right/right_OculusTouch_v3Controller.uexp" 800
"../../../Engine/Plugins/Runtime/OpenXR/Content/Devices/ValveIndex/MRTexture.uasset" 801
"../../../Engine/Plugins/Runtime/OpenXR/Content/Devices/ValveIndex/MRTexture.uexp" 802
"../../../Engine/Plugins/Runtime/OpenXR/Content/Devices/ValveIndex/MRTexture.ubulk" 803
"../../../Engine/Plugins/Runtime/OpenXR/Content/Devices/ValveIndex/BaseTexture.uasset" 804
"../../../Engine/Plugins/Runtime/OpenXR/Content/Devices/ValveIndex/BaseTexture.uexp" 805
"../../../Engine/Plugins/Runtime/OpenXR/Content/Devices/ValveIndex/BaseTexture.ubulk" 806
"../../../Engine/Plugins/Runtime/OpenXR/Content/Devices/ValveIndex/Left/MI_left_ValveIndex.uasset" 807
"../../../Engine/Plugins/Runtime/OpenXR/Content/Devices/ValveIndex/Left/MI_left_ValveIndex.uexp" 808
"../../../Engine/Plugins/Runtime/OpenXR/Content/Devices/ValveIndex/Left/left_ValveIndexController.uasset" 809
"../../../Engine/Plugins/Runtime/OpenXR/Content/Devices/ValveIndex/Left/left_ValveIndexController.uexp" 810
"../../../Engine/Plugins/Runtime/OpenXR/Content/Devices/ValveIndex/Right/MI_right_ValveIndex.uasset" 811
"../../../Engine/Plugins/Runtime/OpenXR/Content/Devices/ValveIndex/Right/MI_right_ValveIndex.uexp" 812
"../../../Engine/Plugins/Runtime/OpenXR/Content/Devices/ValveIndex/Right/right_ValveIndexController.uasset" 813
"../../../Engine/Plugins/Runtime/OpenXR/Content/Devices/ValveIndex/Right/right_ValveIndexController.uexp" 814
"../../../Engine/Content/Functions/Engine_MaterialFunctions02/Utility/MakeFloat3.uasset" 815
"../../../Engine/Content/Functions/Engine_MaterialFunctions02/Utility/MakeFloat3.uexp" 816
"../../../Engine/Content/Functions/Engine_MaterialFunctions02/Utility/BreakOutFloat4Components.uasset" 817
"../../../Engine/Content/Functions/Engine_MaterialFunctions02/Utility/BreakOutFloat4Components.uexp" 818
"../../../Engine/Plugins/Runtime/Oculus/OculusVR/Content/Materials/OculusMR_ChromaKey.uasset" 819
"../../../Engine/Plugins/Runtime/Oculus/OculusVR/Content/Materials/OculusMR_ChromaKey.uexp" 820
"../../../Engine/Plugins/Runtime/Oculus/OculusVR/Content/Materials/OculusMR_OpaqueColoredMaterial.uasset" 821
"../../../Engine/Plugins/Runtime/Oculus/OculusVR/Content/Materials/OculusMR_OpaqueColoredMaterial.uexp" 822
"../../../Engine/Plugins/Runtime/Oculus/OculusVR/Content/Materials/PokeAHoleMaterial.uasset" 823
"../../../Engine/Plugins/Runtime/Oculus/OculusVR/Content/Materials/PokeAHoleMaterial.uexp" 824
"../../../Engine/Plugins/Runtime/Oculus/OculusVR/Content/Textures/touchController_controlmap.uasset" 825
"../../../Engine/Plugins/Runtime/Oculus/OculusVR/Content/Textures/touchController_controlmap.uexp" 826
"../../../Engine/Plugins/Runtime/Oculus/OculusVR/Content/Textures/touchController_controlmap.ubulk" 827
"../../../Engine/Plugins/Runtime/Oculus/OculusVR/Content/Textures/touchController_albedo.uasset" 828
"../../../Engine/Plugins/Runtime/Oculus/OculusVR/Content/Textures/touchController_albedo.uexp" 829
"../../../Engine/Plugins/Runtime/Oculus/OculusVR/Content/Textures/touchController_albedo.ubulk" 830
"../../../Engine/Plugins/Runtime/Oculus/OculusVR/Content/Materials/touchController_mat.uasset" 831
"../../../Engine/Plugins/Runtime/Oculus/OculusVR/Content/Materials/touchController_mat.uexp" 832
"../../../Engine/Plugins/Runtime/Oculus/OculusVR/Content/Meshes/LeftTouchController.uasset" 833
"../../../Engine/Plugins/Runtime/Oculus/OculusVR/Content/Meshes/LeftTouchController.uexp" 834
"../../../Engine/Plugins/Runtime/Oculus/OculusVR/Content/Textures/TouchForQuestRiftSController_albedo.uasset" 835
"../../../Engine/Plugins/Runtime/Oculus/OculusVR/Content/Textures/TouchForQuestRiftSController_albedo.uexp" 836
"../../../Engine/Plugins/Runtime/Oculus/OculusVR/Content/Textures/TouchForQuestRiftSController_albedo.ubulk" 837
"../../../Engine/Plugins/Runtime/Oculus/OculusVR/Content/Materials/TouchForQuestRiftSControllerMaterial.uasset" 838
"../../../Engine/Plugins/Runtime/Oculus/OculusVR/Content/Materials/TouchForQuestRiftSControllerMaterial.uexp" 839
"../../../Engine/Plugins/Runtime/Oculus/OculusVR/Content/Meshes/LeftTouchForQuestRiftSController.uasset" 840
"../../../Engine/Plugins/Runtime/Oculus/OculusVR/Content/Meshes/LeftTouchForQuestRiftSController.uexp" 841
"../../../Engine/Plugins/Runtime/Oculus/OculusVR/Content/Meshes/RiftHMD.uasset" 842
"../../../Engine/Plugins/Runtime/Oculus/OculusVR/Content/Meshes/RiftHMD.uexp" 843
"../../../Engine/Plugins/Runtime/Oculus/OculusVR/Content/Meshes/RightTouchController.uasset" 844
"../../../Engine/Plugins/Runtime/Oculus/OculusVR/Content/Meshes/RightTouchController.uexp" 845
"../../../Engine/Plugins/Runtime/Oculus/OculusVR/Content/Meshes/RightTouchForQuestRiftSController.uasset" 846
"../../../Engine/Plugins/Runtime/Oculus/OculusVR/Content/Meshes/RightTouchForQuestRiftSController.uexp" 847
"C:/Unreal Projects with Priority/GDAJam_Spring22/Content/TestLevels/Andrew_Testing/CylinderForCollision.uasset" 848
"C:/Unreal Projects with Priority/GDAJam_Spring22/Content/TestLevels/Andrew_Testing/CylinderForCollision.uexp" 849
"C:/Unreal Projects with Priority/GDAJam_Spring22/Content/Main_Game/GameLevel/UI_Elements/widgetChildBacktalkInterface.uasset" 850
"C:/Unreal Projects with Priority/GDAJam_Spring22/Content/Main_Game/GameLevel/UI_Elements/widgetChildBacktalkInterface.uexp" 851
"C:/Unreal Projects with Priority/GDAJam_Spring22/Content/Main_Game/GameLevel/UI_Elements/powerupWidgetClickable.uasset" 852
"C:/Unreal Projects with Priority/GDAJam_Spring22/Content/Main_Game/GameLevel/UI_Elements/powerupWidgetClickable.uexp" 853
"C:/Unreal Projects with Priority/GDAJam_Spring22/Content/Main_Game/GameLevel/UI_Elements/successMenu.uasset" 854
"C:/Unreal Projects with Priority/GDAJam_Spring22/Content/Main_Game/GameLevel/UI_Elements/successMenu.uexp" 855
"C:/Unreal Projects with Priority/GDAJam_Spring22/Content/Main_Game/GameLevel/UI_Elements/deathWidget.uasset" 856
"C:/Unreal Projects with Priority/GDAJam_Spring22/Content/Main_Game/GameLevel/UI_Elements/deathWidget.uexp" 857
"../../../Engine/Content/BasicShapes/Plane.uasset" 858
"../../../Engine/Content/BasicShapes/Plane.uexp" 859
"C:/Unreal Projects with Priority/GDAJam_Spring22/Content/Main_Game/GameLevel/Arena.uasset" 860
"C:/Unreal Projects with Priority/GDAJam_Spring22/Content/Main_Game/GameLevel/Arena.uexp" 861
"C:/Unreal Projects with Priority/GDAJam_Spring22/Content/Main_Game/GameLevel/leftGameLevel.uexp" 862
"C:/Unreal Projects with Priority/GDAJam_Spring22/Content/Main_Game/GameLevel/leftGameLevel.umap" 863
"C:/Unreal Projects with Priority/GDAJam_Spring22/Content/Main_Game/GameLevel/rightGameLevel.uexp" 864
"C:/Unreal Projects with Priority/GDAJam_Spring22/Content/Main_Game/GameLevel/rightGameLevel.umap" 865
"C:/Unreal Projects with Priority/GDAJam_Spring22/Content/TestLevels/Andrew_Testing/WallTexture/Cobblestone_normal.uasset" 866
"C:/Unreal Projects with Priority/GDAJam_Spring22/Content/TestLevels/Andrew_Testing/WallTexture/Cobblestone_normal.uexp" 867
"C:/Unreal Projects with Priority/GDAJam_Spring22/Content/TestLevels/Andrew_Testing/WallTexture/Cobblestone_normal.ubulk" 868
"C:/Unreal Projects with Priority/GDAJam_Spring22/Content/TestLevels/Andrew_Testing/WallTexture/Cobblestone_height.uasset" 869
"C:/Unreal Projects with Priority/GDAJam_Spring22/Content/TestLevels/Andrew_Testing/WallTexture/Cobblestone_height.uexp" 870
"C:/Unreal Projects with Priority/GDAJam_Spring22/Content/TestLevels/Andrew_Testing/WallTexture/Cobblestone_height.ubulk" 871
"C:/Unreal Projects with Priority/GDAJam_Spring22/Content/TestLevels/Andrew_Testing/WallTexture/Cobblestone_basecolor.uasset" 872
"C:/Unreal Projects with Priority/GDAJam_Spring22/Content/TestLevels/Andrew_Testing/WallTexture/Cobblestone_basecolor.uexp" 873
"C:/Unreal Projects with Priority/GDAJam_Spring22/Content/TestLevels/Andrew_Testing/WallTexture/Cobblestone_basecolor.ubulk" 874
"C:/Unreal Projects with Priority/GDAJam_Spring22/Content/TestLevels/Andrew_Testing/WallTexture/Cobblestone_ambientocclusion.uasset" 875
"C:/Unreal Projects with Priority/GDAJam_Spring22/Content/TestLevels/Andrew_Testing/WallTexture/Cobblestone_ambientocclusion.uexp" 876
"C:/Unreal Projects with Priority/GDAJam_Spring22/Content/TestLevels/Andrew_Testing/WallTexture/Cobblestone_ambientocclusion.ubulk" 877
"C:/Unreal Projects with Priority/GDAJam_Spring22/Content/TestLevels/Andrew_Testing/WallTexture/WallMat.uasset" 878
"C:/Unreal Projects with Priority/GDAJam_Spring22/Content/TestLevels/Andrew_Testing/WallTexture/WallMat.uexp" 879
"C:/Unreal Projects with Priority/GDAJam_Spring22/Content/TestLevels/Andrew_Testing/Banner/BannerRedMat.uasset" 880
"C:/Unreal Projects with Priority/GDAJam_Spring22/Content/TestLevels/Andrew_Testing/Banner/BannerRedMat.uexp" 881
"C:/Unreal Projects with Priority/GDAJam_Spring22/Content/TestLevels/Andrew_Testing/Banner/Banner_1_DefaultMaterial_Normal.uasset" 882
"C:/Unreal Projects with Priority/GDAJam_Spring22/Content/TestLevels/Andrew_Testing/Banner/Banner_1_DefaultMaterial_Normal.uexp" 883
"C:/Unreal Projects with Priority/GDAJam_Spring22/Content/TestLevels/Andrew_Testing/Banner/Banner_1_DefaultMaterial_Normal.ubulk" 884
"C:/Unreal Projects with Priority/GDAJam_Spring22/Content/TestLevels/Andrew_Testing/Banner/Banner_1_DefaultMaterial_BaseColor.uasset" 885
"C:/Unreal Projects with Priority/GDAJam_Spring22/Content/TestLevels/Andrew_Testing/Banner/Banner_1_DefaultMaterial_BaseColor.uexp" 886
"C:/Unreal Projects with Priority/GDAJam_Spring22/Content/TestLevels/Andrew_Testing/Banner/Banner_1_DefaultMaterial_BaseColor.ubulk" 887
"C:/Unreal Projects with Priority/GDAJam_Spring22/Content/TestLevels/Andrew_Testing/Banner/BannerBlueMat.uasset" 888
"C:/Unreal Projects with Priority/GDAJam_Spring22/Content/TestLevels/Andrew_Testing/Banner/BannerBlueMat.uexp" 889
"../../../Engine/Content/EngineSky/T_Sky_Stars.uasset" 890
"../../../Engine/Content/EngineSky/T_Sky_Stars.uexp" 891
"../../../Engine/Content/EngineSky/T_Sky_Stars.ubulk" 892
"../../../Engine/Content/EngineSky/T_Sky_Clouds_M.uasset" 893
"../../../Engine/Content/EngineSky/T_Sky_Clouds_M.uexp" 894
"../../../Engine/Content/EngineSky/T_Sky_Clouds_M.ubulk" 895
"../../../Engine/Content/EngineSky/T_Sky_Blue.uasset" 896
"../../../Engine/Content/EngineSky/T_Sky_Blue.uexp" 897
"../../../Engine/Content/EngineSky/T_Sky_Blue.ubulk" 898
"../../../Engine/Content/EngineSky/M_Sky_Panning_Clouds2.uasset" 899
"../../../Engine/Content/EngineSky/M_Sky_Panning_Clouds2.uexp" 900
"C:/Unreal Projects with Priority/GDAJam_Spring22/Content/TestLevels/Andrew_Testing/Andrew_Test_Level_BuiltData.uasset" 901
"C:/Unreal Projects with Priority/GDAJam_Spring22/Content/TestLevels/Andrew_Testing/Andrew_Test_Level_BuiltData.uexp" 902
"C:/Unreal Projects with Priority/GDAJam_Spring22/Content/TestLevels/Andrew_Testing/Andrew_Test_Level_BuiltData.ubulk" 903
"C:/Unreal Projects with Priority/GDAJam_Spring22/Content/TestLevels/Andrew_Testing/Bullet/TestEnemy.uasset" 904
"C:/Unreal Projects with Priority/GDAJam_Spring22/Content/TestLevels/Andrew_Testing/Bullet/TestEnemy.uexp" 905
"../../../Engine/Content/EngineSky/SM_SkySphere.uasset" 906
"../../../Engine/Content/EngineSky/SM_SkySphere.uexp" 907
"../../../Engine/Content/EngineSky/C_Sky_Zenith_Color.uasset" 908
"../../../Engine/Content/EngineSky/C_Sky_Zenith_Color.uexp" 909
"../../../Engine/Content/EngineSky/C_Sky_Horizon_Color.uasset" 910
"../../../Engine/Content/EngineSky/C_Sky_Horizon_Color.uexp" 911
"../../../Engine/Content/EngineSky/C_Sky_Cloud_Color.uasset" 912
"../../../Engine/Content/EngineSky/C_Sky_Cloud_Color.uexp" 913
"../../../Engine/Content/EngineSky/BP_Sky_Sphere.uasset" 914
"../../../Engine/Content/EngineSky/BP_Sky_Sphere.uexp" 915
"C:/Unreal Projects with Priority/GDAJam_Spring22/Content/TestLevels/Andrew_Testing/Banner/Banner_1_2.uasset" 916
"C:/Unreal Projects with Priority/GDAJam_Spring22/Content/TestLevels/Andrew_Testing/Banner/Banner_1_2.uexp" 917
"C:/Unreal Projects with Priority/GDAJam_Spring22/Content/TestLevels/Andrew_Testing/WallTexture/WallMat_Inst.uasset" 918
"C:/Unreal Projects with Priority/GDAJam_Spring22/Content/TestLevels/Andrew_Testing/WallTexture/WallMat_Inst.uexp" 919
"C:/Unreal Projects with Priority/GDAJam_Spring22/Content/TestLevels/Andrew_Testing/Arena/Ground/StoneGround_height.uasset" 920
"C:/Unreal Projects with Priority/GDAJam_Spring22/Content/TestLevels/Andrew_Testing/Arena/Ground/StoneGround_height.uexp" 921
"C:/Unreal Projects with Priority/GDAJam_Spring22/Content/TestLevels/Andrew_Testing/Arena/Ground/StoneGround_height.ubulk" 922
"C:/Unreal Projects with Priority/GDAJam_Spring22/Content/TestLevels/Andrew_Testing/Arena/Ground/StoneGround_basecolor.uasset" 923
"C:/Unreal Projects with Priority/GDAJam_Spring22/Content/TestLevels/Andrew_Testing/Arena/Ground/StoneGround_basecolor.uexp" 924
"C:/Unreal Projects with Priority/GDAJam_Spring22/Content/TestLevels/Andrew_Testing/Arena/Ground/StoneGround_basecolor.ubulk" 925
"C:/Unreal Projects with Priority/GDAJam_Spring22/Content/TestLevels/Andrew_Testing/Arena/Ground/StoneGround_ambientocclusion.uasset" 926
"C:/Unreal Projects with Priority/GDAJam_Spring22/Content/TestLevels/Andrew_Testing/Arena/Ground/StoneGround_ambientocclusion.uexp" 927
"C:/Unreal Projects with Priority/GDAJam_Spring22/Content/TestLevels/Andrew_Testing/Arena/Ground/StoneGround_ambientocclusion.ubulk" 928
"C:/Unreal Projects with Priority/GDAJam_Spring22/Content/TestLevels/Andrew_Testing/Arena/Ground/StoneGroundMat.uasset" 929
"C:/Unreal Projects with Priority/GDAJam_Spring22/Content/TestLevels/Andrew_Testing/Arena/Ground/StoneGroundMat.uexp" 930
"C:/Unreal Projects with Priority/GDAJam_Spring22/Content/TestLevels/Andrew_Testing/Arena/Ground/StoneGroundMat_Inst.uasset" 931
"C:/Unreal Projects with Priority/GDAJam_Spring22/Content/TestLevels/Andrew_Testing/Arena/Ground/StoneGroundMat_Inst.uexp" 932
"C:/Unreal Projects with Priority/GDAJam_Spring22/Content/TestLevels/Andrew_Testing/Arena/Carpet/Carpet_roughness.uasset" 933
"C:/Unreal Projects with Priority/GDAJam_Spring22/Content/TestLevels/Andrew_Testing/Arena/Carpet/Carpet_roughness.uexp" 934
"C:/Unreal Projects with Priority/GDAJam_Spring22/Content/TestLevels/Andrew_Testing/Arena/Carpet/Carpet_roughness.ubulk" 935
"C:/Unreal Projects with Priority/GDAJam_Spring22/Content/TestLevels/Andrew_Testing/Arena/Carpet/Carpet_normal.uasset" 936
"C:/Unreal Projects with Priority/GDAJam_Spring22/Content/TestLevels/Andrew_Testing/Arena/Carpet/Carpet_normal.uexp" 937
"C:/Unreal Projects with Priority/GDAJam_Spring22/Content/TestLevels/Andrew_Testing/Arena/Carpet/Carpet_normal.ubulk" 938
"C:/Unreal Projects with Priority/GDAJam_Spring22/Content/TestLevels/Andrew_Testing/Arena/Carpet/Carpet_height.uasset" 939
"C:/Unreal Projects with Priority/GDAJam_Spring22/Content/TestLevels/Andrew_Testing/Arena/Carpet/Carpet_height.uexp" 940
"C:/Unreal Projects with Priority/GDAJam_Spring22/Content/TestLevels/Andrew_Testing/Arena/Carpet/Carpet_height.ubulk" 941
"C:/Unreal Projects with Priority/GDAJam_Spring22/Content/TestLevels/Andrew_Testing/Arena/Carpet/Carpet_basecolor.uasset" 942
"C:/Unreal Projects with Priority/GDAJam_Spring22/Content/TestLevels/Andrew_Testing/Arena/Carpet/Carpet_basecolor.uexp" 943
"C:/Unreal Projects with Priority/GDAJam_Spring22/Content/TestLevels/Andrew_Testing/Arena/Carpet/Carpet_basecolor.ubulk" 944
"C:/Unreal Projects with Priority/GDAJam_Spring22/Content/TestLevels/Andrew_Testing/Arena/Carpet/Carpet_ambientocclusion.uasset" 945
"C:/Unreal Projects with Priority/GDAJam_Spring22/Content/TestLevels/Andrew_Testing/Arena/Carpet/Carpet_ambientocclusion.uexp" 946
"C:/Unreal Projects with Priority/GDAJam_Spring22/Content/TestLevels/Andrew_Testing/Arena/Carpet/Carpet_ambientocclusion.ubulk" 947
"C:/Unreal Projects with Priority/GDAJam_Spring22/Content/TestLevels/Andrew_Testing/Arena/Carpet/CarpetMat.uasset" 948
"C:/Unreal Projects with Priority/GDAJam_Spring22/Content/TestLevels/Andrew_Testing/Arena/Carpet/CarpetMat.uexp" 949
"C:/Unreal Projects with Priority/GDAJam_Spring22/Content/TestLevels/Andrew_Testing/Arena/Carpet/RedCarpet.uasset" 950
"C:/Unreal Projects with Priority/GDAJam_Spring22/Content/TestLevels/Andrew_Testing/Arena/Carpet/RedCarpet.uexp" 951
"C:/Unreal Projects with Priority/GDAJam_Spring22/Content/TestLevels/Andrew_Testing/Arena/Carpet/BlueCarpet.uasset" 952
"C:/Unreal Projects with Priority/GDAJam_Spring22/Content/TestLevels/Andrew_Testing/Arena/Carpet/BlueCarpet.uexp" 953
"C:/Unreal Projects with Priority/GDAJam_Spring22/Content/TestLevels/Andrew_Testing/Arena/Arena_3.uasset" 954
"C:/Unreal Projects with Priority/GDAJam_Spring22/Content/TestLevels/Andrew_Testing/Arena/Arena_3.uexp" 955
"../../../Engine/Content/MapTemplates/SM_Template_Map_Floor.uasset" 956
"../../../Engine/Content/MapTemplates/SM_Template_Map_Floor.uexp" 957
"C:/Unreal Projects with Priority/GDAJam_Spring22/Content/TestLevels/Andrew_Testing/Andrew_Test_Level.uexp" 958
"C:/Unreal Projects with Priority/GDAJam_Spring22/Content/TestLevels/Andrew_Testing/Andrew_Test_Level.umap" 959
"C:/Unreal Projects with Priority/GDAJam_Spring22/Content/TestLevels/Marten_Testing/Marten_Testing_Level_BuiltData.uasset" 960
"C:/Unreal Projects with Priority/GDAJam_Spring22/Content/TestLevels/Marten_Testing/Marten_Testing_Level_BuiltData.uexp" 961
"C:/Unreal Projects with Priority/GDAJam_Spring22/Content/TestLevels/Marten_Testing/Marten_Testing_Level_BuiltData.ubulk" 962
"C:/Unreal Projects with Priority/GDAJam_Spring22/Content/TestLevels/Marten_Testing/Marten_Testing_Level.uexp" 963
"C:/Unreal Projects with Priority/GDAJam_Spring22/Content/TestLevels/Marten_Testing/Marten_Testing_Level.umap" 964
"C:/Unreal Projects with Priority/GDAJam_Spring22/Content/TestLevels/Michael_Testing/test.uexp" 965
"C:/Unreal Projects with Priority/GDAJam_Spring22/Content/TestLevels/Michael_Testing/test.umap" 966
"C:/Unreal Projects with Priority/GDAJam_Spring22/Content/Main_Game/menuLevel/mainMenuLevel.uexp" 967
"C:/Unreal Projects with Priority/GDAJam_Spring22/Content/Main_Game/menuLevel/mainMenuLevel.umap" 968
"../../../Engine/Content/Maps/Entry_BuiltData.uasset" 969
"../../../Engine/Content/Maps/Entry_BuiltData.uexp" 970
"../../../Engine/Content/Maps/Entry.uexp" 971
"../../../Engine/Content/Maps/Entry.umap" 972
